[2019-12-23 14:02:39] local.ERROR: Class 'App\Admin\Controllers\Order' not found {"exception":"[object] (Symfony\\Component\\Debug\\Exception\\FatalThrowableError(code: 0): Class 'App\\Admin\\Controllers\\Order' not found at /var/www/wwwroot/daheng/app/Admin/Controllers/FeedbackController.php:50)
[stacktrace]
#0 /var/www/wwwroot/daheng/vendor/encore/laravel-admin/src/Grid/Filter/Layout/Layout.php(69): App\\Admin\\Controllers\\FeedbackController->App\\Admin\\Controllers\\{closure}(Object(Encore\\Admin\\Grid\\Filter))
#1 /var/www/wwwroot/daheng/vendor/encore/laravel-admin/src/Grid/Filter.php(475): Encore\\Admin\\Grid\\Filter\\Layout\\Layout->column(6, Object(Closure))
#2 /var/www/wwwroot/daheng/app/Admin/Controllers/FeedbackController.php(52): Encore\\Admin\\Grid\\Filter->column(6, Object(Closure))
#3 [internal function]: App\\Admin\\Controllers\\FeedbackController->App\\Admin\\Controllers\\{closure}(Object(Encore\\Admin\\Grid\\Filter))
#4 /var/www/wwwroot/daheng/vendor/encore/laravel-admin/src/Grid/Concerns/HasFilter.php(75): call_user_func(Object(Closure), Object(Encore\\Admin\\Grid\\Filter))
#5 /var/www/wwwroot/daheng/app/Admin/Controllers/FeedbackController.php(53): Encore\\Admin\\Grid->filter(Object(Closure))
#6 /var/www/wwwroot/daheng/vendor/encore/laravel-admin/src/Controllers/AdminController.php(53): App\\Admin\\Controllers\\FeedbackController->grid()
#7 [internal function]: Encore\\Admin\\Controllers\\AdminController->index(Object(Encore\\Admin\\Layout\\Content))
#8 /var/www/wwwroot/daheng/vendor/laravel/framework/src/Illuminate/Routing/Controller.php(54): call_user_func_array(Array, Array)
#9 /var/www/wwwroot/daheng/vendor/laravel/framework/src/Illuminate/Routing/ControllerDispatcher.php(45): Illuminate\\Routing\\Controller->callAction('index', Array)
#10 /var/www/wwwroot/daheng/vendor/laravel/framework/src/Illuminate/Routing/Route.php(219): Illuminate\\Routing\\ControllerDispatcher->dispatch(Object(Illuminate\\Routing\\Route), Object(App\\Admin\\Controllers\\FeedbackController), 'index')
#11 /var/www/wwwroot/daheng/vendor/laravel/framework/src/Illuminate/Routing/Route.php(176): Illuminate\\Routing\\Route->runController()
#12 /var/www/wwwroot/daheng/vendor/laravel/framework/src/Illuminate/Routing/Router.php(680): Illuminate\\Routing\\Route->run()
#13 /var/www/wwwroot/daheng/vendor/laravel/framework/src/Illuminate/Routing/Pipeline.php(30): Illuminate\\Routing\\Router->Illuminate\\Routing\\{closure}(Object(Illuminate\\Http\\Request))
#14 /var/www/wwwroot/daheng/vendor/encore/laravel-admin/src/Middleware/Permission.php(46): Illuminate\\Routing\\Pipeline->Illuminate\\Routing\\{closure}(Object(Illuminate\\Http\\Request))
#15 /var/www/wwwroot/daheng/vendor/laravel/framework/src/Illuminate/Pipeline/Pipeline.php(163): Encore\\Admin\\Middleware\\Permission->handle(Object(Illuminate\\Http\\Request), Object(Closure))
#16 /var/www/wwwroot/daheng/vendor/laravel/framework/src/Illuminate/Routing/Pipeline.php(53): Illuminate\\Pipeline\\Pipeline->Illuminate\\Pipeline\\{closure}(Object(Illuminate\\Http\\Request))
#17 /var/www/wwwroot/daheng/vendor/encore/laravel-admin/src/Middleware/Bootstrap.php(15): Illuminate\\Routing\\Pipeline->Illuminate\\Routing\\{closure}(Object(Illuminate\\Http\\Request))
#18 /var/www/wwwroot/daheng/vendor/laravel/framework/src/Illuminate/Pipeline/Pipeline.php(163): Encore\\Admin\\Middleware\\Bootstrap->handle(Object(Illuminate\\Http\\Request), Object(Closure))
#19 /var/www/wwwroot/daheng/vendor/laravel/framework/src/Illuminate/Routing/Pipeline.php(53): Illuminate\\Pipeline\\Pipeline->Illuminate\\Pipeline\\{closure}(Object(Illuminate\\Http\\Request))
#20 /var/www/wwwroot/daheng/vendor/encore/laravel-admin/src/Middleware/LogOperation.php(38): Illuminate\\Routing\\Pipeline->Illuminate\\Routing\\{closure}(Object(Illuminate\\Http\\Request))
#21 /var/www/wwwroot/daheng/vendor/laravel/framework/src/Illuminate/Pipeline/Pipeline.php(163): Encore\\Admin\\Middleware\\LogOperation->handle(Object(Illuminate\\Http\\Request), Object(Closure))
#22 /var/www/wwwroot/daheng/vendor/laravel/framework/src/Illuminate/Routing/Pipeline.php(53): Illuminate\\Pipeline\\Pipeline->Illuminate\\Pipeline\\{closure}(Object(Illuminate\\Http\\Request))
#23 /var/www/wwwroot/daheng/vendor/encore/laravel-admin/src/Middleware/Pjax.php(24): Illuminate\\Routing\\Pipeline->Illuminate\\Routing\\{closure}(Object(Illuminate\\Http\\Request))
#24 /var/www/wwwroot/daheng/vendor/laravel/framework/src/Illuminate/Pipeline/Pipeline.php(163): Encore\\Admin\\Middleware\\Pjax->handle(Object(Illuminate\\Http\\Request), Object(Closure))
#25 /var/www/wwwroot/daheng/vendor/laravel/framework/src/Illuminate/Routing/Pipeline.php(53): Illuminate\\Pipeline\\Pipeline->Illuminate\\Pipeline\\{closure}(Object(Illuminate\\Http\\Request))
#26 /var/www/wwwroot/daheng/vendor/encore/laravel-admin/src/Middleware/Authenticate.php(26): Illuminate\\Routing\\Pipeline->Illuminate\\Routing\\{closure}(Object(Illuminate\\Http\\Request))
#27 /var/www/wwwroot/daheng/vendor/laravel/framework/src/Illuminate/Pipeline/Pipeline.php(163): Encore\\Admin\\Middleware\\Authenticate->handle(Object(Illuminate\\Http\\Request), Object(Closure))
#28 /var/www/wwwroot/daheng/vendor/laravel/framework/src/Illuminate/Routing/Pipeline.php(53): Illuminate\\Pipeline\\Pipeline->Illuminate\\Pipeline\\{closure}(Object(Illuminate\\Http\\Request))
#29 /var/www/wwwroot/daheng/vendor/laravel/framework/src/Illuminate/Routing/Middleware/SubstituteBindings.php(41): Illuminate\\Routing\\Pipeline->Illuminate\\Routing\\{closure}(Object(Illuminate\\Http\\Request))
#30 /var/www/wwwroot/daheng/vendor/laravel/framework/src/Illuminate/Pipeline/Pipeline.php(163): Illuminate\\Routing\\Middleware\\SubstituteBindings->handle(Object(Illuminate\\Http\\Request), Object(Closure))
#31 /var/www/wwwroot/daheng/vendor/laravel/framework/src/Illuminate/Routing/Pipeline.php(53): Illuminate\\Pipeline\\Pipeline->Illuminate\\Pipeline\\{closure}(Object(Illuminate\\Http\\Request))
#32 /var/www/wwwroot/daheng/vendor/laravel/framework/src/Illuminate/Foundation/Http/Middleware/VerifyCsrfToken.php(75): Illuminate\\Routing\\Pipeline->Illuminate\\Routing\\{closure}(Object(Illuminate\\Http\\Request))
#33 /var/www/wwwroot/daheng/vendor/laravel/framework/src/Illuminate/Pipeline/Pipeline.php(163): Illuminate\\Foundation\\Http\\Middleware\\VerifyCsrfToken->handle(Object(Illuminate\\Http\\Request), Object(Closure))
#34 /var/www/wwwroot/daheng/vendor/laravel/framework/src/Illuminate/Routing/Pipeline.php(53): Illuminate\\Pipeline\\Pipeline->Illuminate\\Pipeline\\{closure}(Object(Illuminate\\Http\\Request))
#35 /var/www/wwwroot/daheng/vendor/laravel/framework/src/Illuminate/View/Middleware/ShareErrorsFromSession.php(49): Illuminate\\Routing\\Pipeline->Illuminate\\Routing\\{closure}(Object(Illuminate\\Http\\Request))
#36 /var/www/wwwroot/daheng/vendor/laravel/framework/src/Illuminate/Pipeline/Pipeline.php(163): Illuminate\\View\\Middleware\\ShareErrorsFromSession->handle(Object(Illuminate\\Http\\Request), Object(Closure))
#37 /var/www/wwwroot/daheng/vendor/laravel/framework/src/Illuminate/Routing/Pipeline.php(53): Illuminate\\Pipeline\\Pipeline->Illuminate\\Pipeline\\{closure}(Object(Illuminate\\Http\\Request))
#38 /var/www/wwwroot/daheng/vendor/laravel/framework/src/Illuminate/Session/Middleware/StartSession.php(56): Illuminate\\Routing\\Pipeline->Illuminate\\Routing\\{closure}(Object(Illuminate\\Http\\Request))
#39 /var/www/wwwroot/daheng/vendor/laravel/framework/src/Illuminate/Pipeline/Pipeline.php(163): Illuminate\\Session\\Middleware\\StartSession->handle(Object(Illuminate\\Http\\Request), Object(Closure))
#40 /var/www/wwwroot/daheng/vendor/laravel/framework/src/Illuminate/Routing/Pipeline.php(53): Illuminate\\Pipeline\\Pipeline->Illuminate\\Pipeline\\{closure}(Object(Illuminate\\Http\\Request))
#41 /var/www/wwwroot/daheng/vendor/laravel/framework/src/Illuminate/Cookie/Middleware/AddQueuedCookiesToResponse.php(37): Illuminate\\Routing\\Pipeline->Illuminate\\Routing\\{closure}(Object(Illuminate\\Http\\Request))
#42 /var/www/wwwroot/daheng/vendor/laravel/framework/src/Illuminate/Pipeline/Pipeline.php(163): Illuminate\\Cookie\\Middleware\\AddQueuedCookiesToResponse->handle(Object(Illuminate\\Http\\Request), Object(Closure))
#43 /var/www/wwwroot/daheng/vendor/laravel/framework/src/Illuminate/Routing/Pipeline.php(53): Illuminate\\Pipeline\\Pipeline->Illuminate\\Pipeline\\{closure}(Object(Illuminate\\Http\\Request))
#44 /var/www/wwwroot/daheng/vendor/laravel/framework/src/Illuminate/Cookie/Middleware/EncryptCookies.php(66): Illuminate\\Routing\\Pipeline->Illuminate\\Routing\\{closure}(Object(Illuminate\\Http\\Request))
#45 /var/www/wwwroot/daheng/vendor/laravel/framework/src/Illuminate/Pipeline/Pipeline.php(163): Illuminate\\Cookie\\Middleware\\EncryptCookies->handle(Object(Illuminate\\Http\\Request), Object(Closure))
#46 /var/www/wwwroot/daheng/vendor/laravel/framework/src/Illuminate/Routing/Pipeline.php(53): Illuminate\\Pipeline\\Pipeline->Illuminate\\Pipeline\\{closure}(Object(Illuminate\\Http\\Request))
#47 /var/www/wwwroot/daheng/vendor/laravel/framework/src/Illuminate/Pipeline/Pipeline.php(104): Illuminate\\Routing\\Pipeline->Illuminate\\Routing\\{closure}(Object(Illuminate\\Http\\Request))
#48 /var/www/wwwroot/daheng/vendor/laravel/framework/src/Illuminate/Routing/Router.php(682): Illuminate\\Pipeline\\Pipeline->then(Object(Closure))
#49 /var/www/wwwroot/daheng/vendor/laravel/framework/src/Illuminate/Routing/Router.php(657): Illuminate\\Routing\\Router->runRouteWithinStack(Object(Illuminate\\Routing\\Route), Object(Illuminate\\Http\\Request))
#50 /var/www/wwwroot/daheng/vendor/laravel/framework/src/Illuminate/Routing/Router.php(623): Illuminate\\Routing\\Router->runRoute(Object(Illuminate\\Http\\Request), Object(Illuminate\\Routing\\Route))
#51 /var/www/wwwroot/daheng/vendor/laravel/framework/src/Illuminate/Routing/Router.php(612): Illuminate\\Routing\\Router->dispatchToRoute(Object(Illuminate\\Http\\Request))
#52 /var/www/wwwroot/daheng/vendor/laravel/framework/src/Illuminate/Foundation/Http/Kernel.php(176): Illuminate\\Routing\\Router->dispatch(Object(Illuminate\\Http\\Request))
#53 /var/www/wwwroot/daheng/vendor/laravel/framework/src/Illuminate/Routing/Pipeline.php(30): Illuminate\\Foundation\\Http\\Kernel->Illuminate\\Foundation\\Http\\{closure}(Object(Illuminate\\Http\\Request))
#54 /var/www/wwwroot/daheng/vendor/laravel/framework/src/Illuminate/Foundation/Http/Middleware/TransformsRequest.php(21): Illuminate\\Routing\\Pipeline->Illuminate\\Routing\\{closure}(Object(Illuminate\\Http\\Request))
#55 /var/www/wwwroot/daheng/vendor/laravel/framework/src/Illuminate/Pipeline/Pipeline.php(163): Illuminate\\Foundation\\Http\\Middleware\\TransformsRequest->handle(Object(Illuminate\\Http\\Request), Object(Closure))
#56 /var/www/wwwroot/daheng/vendor/laravel/framework/src/Illuminate/Routing/Pipeline.php(53): Illuminate\\Pipeline\\Pipeline->Illuminate\\Pipeline\\{closure}(Object(Illuminate\\Http\\Request))
#57 /var/www/wwwroot/daheng/vendor/laravel/framework/src/Illuminate/Foundation/Http/Middleware/TransformsRequest.php(21): Illuminate\\Routing\\Pipeline->Illuminate\\Routing\\{closure}(Object(Illuminate\\Http\\Request))
#58 /var/www/wwwroot/daheng/vendor/laravel/framework/src/Illuminate/Pipeline/Pipeline.php(163): Illuminate\\Foundation\\Http\\Middleware\\TransformsRequest->handle(Object(Illuminate\\Http\\Request), Object(Closure))
#59 /var/www/wwwroot/daheng/vendor/laravel/framework/src/Illuminate/Routing/Pipeline.php(53): Illuminate\\Pipeline\\Pipeline->Illuminate\\Pipeline\\{closure}(Object(Illuminate\\Http\\Request))
#60 /var/www/wwwroot/daheng/vendor/laravel/framework/src/Illuminate/Foundation/Http/Middleware/ValidatePostSize.php(27): Illuminate\\Routing\\Pipeline->Illuminate\\Routing\\{closure}(Object(Illuminate\\Http\\Request))
#61 /var/www/wwwroot/daheng/vendor/laravel/framework/src/Illuminate/Pipeline/Pipeline.php(163): Illuminate\\Foundation\\Http\\Middleware\\ValidatePostSize->handle(Object(Illuminate\\Http\\Request), Object(Closure))
#62 /var/www/wwwroot/daheng/vendor/laravel/framework/src/Illuminate/Routing/Pipeline.php(53): Illuminate\\Pipeline\\Pipeline->Illuminate\\Pipeline\\{closure}(Object(Illuminate\\Http\\Request))
#63 /var/www/wwwroot/daheng/vendor/laravel/framework/src/Illuminate/Foundation/Http/Middleware/CheckForMaintenanceMode.php(62): Illuminate\\Routing\\Pipeline->Illuminate\\Routing\\{closure}(Object(Illuminate\\Http\\Request))
#64 /var/www/wwwroot/daheng/vendor/laravel/framework/src/Illuminate/Pipeline/Pipeline.php(163): Illuminate\\Foundation\\Http\\Middleware\\CheckForMaintenanceMode->handle(Object(Illuminate\\Http\\Request), Object(Closure))
#65 /var/www/wwwroot/daheng/vendor/laravel/framework/src/Illuminate/Routing/Pipeline.php(53): Illuminate\\Pipeline\\Pipeline->Illuminate\\Pipeline\\{closure}(Object(Illuminate\\Http\\Request))
#66 /var/www/wwwroot/daheng/vendor/fideloper/proxy/src/TrustProxies.php(57): Illuminate\\Routing\\Pipeline->Illuminate\\Routing\\{closure}(Object(Illuminate\\Http\\Request))
#67 /var/www/wwwroot/daheng/vendor/laravel/framework/src/Illuminate/Pipeline/Pipeline.php(163): Fideloper\\Proxy\\TrustProxies->handle(Object(Illuminate\\Http\\Request), Object(Closure))
#68 /var/www/wwwroot/daheng/vendor/laravel/framework/src/Illuminate/Routing/Pipeline.php(53): Illuminate\\Pipeline\\Pipeline->Illuminate\\Pipeline\\{closure}(Object(Illuminate\\Http\\Request))
#69 /var/www/wwwroot/daheng/vendor/laravel/framework/src/Illuminate/Pipeline/Pipeline.php(104): Illuminate\\Routing\\Pipeline->Illuminate\\Routing\\{closure}(Object(Illuminate\\Http\\Request))
#70 /var/www/wwwroot/daheng/vendor/laravel/framework/src/Illuminate/Foundation/Http/Kernel.php(151): Illuminate\\Pipeline\\Pipeline->then(Object(Closure))
#71 /var/www/wwwroot/daheng/vendor/laravel/framework/src/Illuminate/Foundation/Http/Kernel.php(116): Illuminate\\Foundation\\Http\\Kernel->sendRequestThroughRouter(Object(Illuminate\\Http\\Request))
#72 /var/www/wwwroot/daheng/public/index.php(55): Illuminate\\Foundation\\Http\\Kernel->handle(Object(Illuminate\\Http\\Request))
#73 {main}
"} 
[2019-12-23 14:26:27] local.DEBUG: OSS config: {"driver":"oss","access_id":"LTAI4FxBLjVFjdf3sa98hwvt","access_key":"E1vNI4B4EhHu2jBK4tN2idWGgfYdVF","bucket":"yuanludaheng","endpoint":"oss-cn-beijing.aliyuncs.com","cdnDomain":"","ssl":true,"isCName":false,"debug":true} 
[2019-12-23 14:26:28] local.DEBUG: OSS config: {"driver":"oss","access_id":"LTAI4FxBLjVFjdf3sa98hwvt","access_key":"E1vNI4B4EhHu2jBK4tN2idWGgfYdVF","bucket":"yuanludaheng","endpoint":"oss-cn-beijing.aliyuncs.com","cdnDomain":"","ssl":true,"isCName":false,"debug":true} 
[2019-12-23 14:27:12] local.DEBUG: OSS config: {"driver":"oss","access_id":"LTAI4FxBLjVFjdf3sa98hwvt","access_key":"E1vNI4B4EhHu2jBK4tN2idWGgfYdVF","bucket":"yuanludaheng","endpoint":"oss-cn-beijing.aliyuncs.com","cdnDomain":"","ssl":true,"isCName":false,"debug":true} 
[2019-12-23 14:27:13] local.DEBUG: OSS config: {"driver":"oss","access_id":"LTAI4FxBLjVFjdf3sa98hwvt","access_key":"E1vNI4B4EhHu2jBK4tN2idWGgfYdVF","bucket":"yuanludaheng","endpoint":"oss-cn-beijing.aliyuncs.com","cdnDomain":"","ssl":true,"isCName":false,"debug":true} 
[2019-12-23 14:28:00] local.DEBUG: OSS config: {"driver":"oss","access_id":"LTAI4FxBLjVFjdf3sa98hwvt","access_key":"E1vNI4B4EhHu2jBK4tN2idWGgfYdVF","bucket":"yuanludaheng","endpoint":"oss-cn-beijing.aliyuncs.com","cdnDomain":"","ssl":true,"isCName":false,"debug":true} 
[2019-12-23 14:28:01] local.DEBUG: OSS config: {"driver":"oss","access_id":"LTAI4FxBLjVFjdf3sa98hwvt","access_key":"E1vNI4B4EhHu2jBK4tN2idWGgfYdVF","bucket":"yuanludaheng","endpoint":"oss-cn-beijing.aliyuncs.com","cdnDomain":"","ssl":true,"isCName":false,"debug":true} 
[2019-12-23 14:28:11] local.DEBUG: OSS config: {"driver":"oss","access_id":"LTAI4FxBLjVFjdf3sa98hwvt","access_key":"E1vNI4B4EhHu2jBK4tN2idWGgfYdVF","bucket":"yuanludaheng","endpoint":"oss-cn-beijing.aliyuncs.com","cdnDomain":"","ssl":true,"isCName":false,"debug":true} 
[2019-12-23 14:28:13] local.DEBUG: OSS config: {"driver":"oss","access_id":"LTAI4FxBLjVFjdf3sa98hwvt","access_key":"E1vNI4B4EhHu2jBK4tN2idWGgfYdVF","bucket":"yuanludaheng","endpoint":"oss-cn-beijing.aliyuncs.com","cdnDomain":"","ssl":true,"isCName":false,"debug":true} 
[2019-12-23 14:28:28] local.DEBUG: OSS config: {"driver":"oss","access_id":"LTAI4FxBLjVFjdf3sa98hwvt","access_key":"E1vNI4B4EhHu2jBK4tN2idWGgfYdVF","bucket":"yuanludaheng","endpoint":"oss-cn-beijing.aliyuncs.com","cdnDomain":"","ssl":true,"isCName":false,"debug":true} 
[2019-12-23 14:28:29] local.DEBUG: OSS config: {"driver":"oss","access_id":"LTAI4FxBLjVFjdf3sa98hwvt","access_key":"E1vNI4B4EhHu2jBK4tN2idWGgfYdVF","bucket":"yuanludaheng","endpoint":"oss-cn-beijing.aliyuncs.com","cdnDomain":"","ssl":true,"isCName":false,"debug":true} 
[2019-12-23 14:29:17] local.DEBUG: OSS config: {"driver":"oss","access_id":"LTAI4FxBLjVFjdf3sa98hwvt","access_key":"E1vNI4B4EhHu2jBK4tN2idWGgfYdVF","bucket":"yuanludaheng","endpoint":"oss-cn-beijing.aliyuncs.com","cdnDomain":"","ssl":true,"isCName":false,"debug":true} 
[2019-12-23 14:29:18] local.DEBUG: OSS config: {"driver":"oss","access_id":"LTAI4FxBLjVFjdf3sa98hwvt","access_key":"E1vNI4B4EhHu2jBK4tN2idWGgfYdVF","bucket":"yuanludaheng","endpoint":"oss-cn-beijing.aliyuncs.com","cdnDomain":"","ssl":true,"isCName":false,"debug":true} 
[2019-12-23 14:29:30] local.DEBUG: OSS config: {"driver":"oss","access_id":"LTAI4FxBLjVFjdf3sa98hwvt","access_key":"E1vNI4B4EhHu2jBK4tN2idWGgfYdVF","bucket":"yuanludaheng","endpoint":"oss-cn-beijing.aliyuncs.com","cdnDomain":"","ssl":true,"isCName":false,"debug":true} 
[2019-12-23 14:29:31] local.DEBUG: OSS config: {"driver":"oss","access_id":"LTAI4FxBLjVFjdf3sa98hwvt","access_key":"E1vNI4B4EhHu2jBK4tN2idWGgfYdVF","bucket":"yuanludaheng","endpoint":"oss-cn-beijing.aliyuncs.com","cdnDomain":"","ssl":true,"isCName":false,"debug":true} 
[2019-12-23 14:29:44] local.DEBUG: OSS config: {"driver":"oss","access_id":"LTAI4FxBLjVFjdf3sa98hwvt","access_key":"E1vNI4B4EhHu2jBK4tN2idWGgfYdVF","bucket":"yuanludaheng","endpoint":"oss-cn-beijing.aliyuncs.com","cdnDomain":"","ssl":true,"isCName":false,"debug":true} 
[2019-12-23 14:29:45] local.DEBUG: OSS config: {"driver":"oss","access_id":"LTAI4FxBLjVFjdf3sa98hwvt","access_key":"E1vNI4B4EhHu2jBK4tN2idWGgfYdVF","bucket":"yuanludaheng","endpoint":"oss-cn-beijing.aliyuncs.com","cdnDomain":"","ssl":true,"isCName":false,"debug":true} 
[2019-12-23 14:30:21] local.DEBUG: OSS config: {"driver":"oss","access_id":"LTAI4FxBLjVFjdf3sa98hwvt","access_key":"E1vNI4B4EhHu2jBK4tN2idWGgfYdVF","bucket":"yuanludaheng","endpoint":"oss-cn-beijing.aliyuncs.com","cdnDomain":"","ssl":true,"isCName":false,"debug":true} 
[2019-12-23 14:30:22] local.DEBUG: OSS config: {"driver":"oss","access_id":"LTAI4FxBLjVFjdf3sa98hwvt","access_key":"E1vNI4B4EhHu2jBK4tN2idWGgfYdVF","bucket":"yuanludaheng","endpoint":"oss-cn-beijing.aliyuncs.com","cdnDomain":"","ssl":true,"isCName":false,"debug":true} 
[2019-12-23 14:30:30] local.DEBUG: OSS config: {"driver":"oss","access_id":"LTAI4FxBLjVFjdf3sa98hwvt","access_key":"E1vNI4B4EhHu2jBK4tN2idWGgfYdVF","bucket":"yuanludaheng","endpoint":"oss-cn-beijing.aliyuncs.com","cdnDomain":"","ssl":true,"isCName":false,"debug":true} 
[2019-12-23 14:30:31] local.DEBUG: OSS config: {"driver":"oss","access_id":"LTAI4FxBLjVFjdf3sa98hwvt","access_key":"E1vNI4B4EhHu2jBK4tN2idWGgfYdVF","bucket":"yuanludaheng","endpoint":"oss-cn-beijing.aliyuncs.com","cdnDomain":"","ssl":true,"isCName":false,"debug":true} 
[2019-12-23 14:30:47] local.DEBUG: OSS config: {"driver":"oss","access_id":"LTAI4FxBLjVFjdf3sa98hwvt","access_key":"E1vNI4B4EhHu2jBK4tN2idWGgfYdVF","bucket":"yuanludaheng","endpoint":"oss-cn-beijing.aliyuncs.com","cdnDomain":"","ssl":true,"isCName":false,"debug":true} 
[2019-12-23 14:30:57] local.DEBUG: OSS config: {"driver":"oss","access_id":"LTAI4FxBLjVFjdf3sa98hwvt","access_key":"E1vNI4B4EhHu2jBK4tN2idWGgfYdVF","bucket":"yuanludaheng","endpoint":"oss-cn-beijing.aliyuncs.com","cdnDomain":"","ssl":true,"isCName":false,"debug":true} 
[2019-12-23 14:31:28] local.DEBUG: OSS config: {"driver":"oss","access_id":"LTAI4FxBLjVFjdf3sa98hwvt","access_key":"E1vNI4B4EhHu2jBK4tN2idWGgfYdVF","bucket":"yuanludaheng","endpoint":"oss-cn-beijing.aliyuncs.com","cdnDomain":"","ssl":true,"isCName":false,"debug":true} 
[2019-12-23 14:31:46] local.DEBUG: OSS config: {"driver":"oss","access_id":"LTAI4FxBLjVFjdf3sa98hwvt","access_key":"E1vNI4B4EhHu2jBK4tN2idWGgfYdVF","bucket":"yuanludaheng","endpoint":"oss-cn-beijing.aliyuncs.com","cdnDomain":"","ssl":true,"isCName":false,"debug":true} 
[2019-12-23 14:31:51] local.DEBUG: OSS config: {"driver":"oss","access_id":"LTAI4FxBLjVFjdf3sa98hwvt","access_key":"E1vNI4B4EhHu2jBK4tN2idWGgfYdVF","bucket":"yuanludaheng","endpoint":"oss-cn-beijing.aliyuncs.com","cdnDomain":"","ssl":true,"isCName":false,"debug":true} 
[2019-12-23 14:31:52] local.DEBUG: OSS config: {"driver":"oss","access_id":"LTAI4FxBLjVFjdf3sa98hwvt","access_key":"E1vNI4B4EhHu2jBK4tN2idWGgfYdVF","bucket":"yuanludaheng","endpoint":"oss-cn-beijing.aliyuncs.com","cdnDomain":"","ssl":true,"isCName":false,"debug":true} 
[2019-12-23 14:32:21] local.DEBUG: OSS config: {"driver":"oss","access_id":"LTAI4FxBLjVFjdf3sa98hwvt","access_key":"E1vNI4B4EhHu2jBK4tN2idWGgfYdVF","bucket":"yuanludaheng","endpoint":"oss-cn-beijing.aliyuncs.com","cdnDomain":"","ssl":true,"isCName":false,"debug":true} 
[2019-12-23 14:32:22] local.DEBUG: OSS config: {"driver":"oss","access_id":"LTAI4FxBLjVFjdf3sa98hwvt","access_key":"E1vNI4B4EhHu2jBK4tN2idWGgfYdVF","bucket":"yuanludaheng","endpoint":"oss-cn-beijing.aliyuncs.com","cdnDomain":"","ssl":true,"isCName":false,"debug":true} 
[2019-12-23 14:33:20] local.DEBUG: OSS config: {"driver":"oss","access_id":"LTAI4FxBLjVFjdf3sa98hwvt","access_key":"E1vNI4B4EhHu2jBK4tN2idWGgfYdVF","bucket":"yuanludaheng","endpoint":"oss-cn-beijing.aliyuncs.com","cdnDomain":"","ssl":true,"isCName":false,"debug":true} 
[2019-12-23 14:33:21] local.DEBUG: OSS config: {"driver":"oss","access_id":"LTAI4FxBLjVFjdf3sa98hwvt","access_key":"E1vNI4B4EhHu2jBK4tN2idWGgfYdVF","bucket":"yuanludaheng","endpoint":"oss-cn-beijing.aliyuncs.com","cdnDomain":"","ssl":true,"isCName":false,"debug":true} 
[2019-12-23 14:33:50] local.DEBUG: OSS config: {"driver":"oss","access_id":"LTAI4FxBLjVFjdf3sa98hwvt","access_key":"E1vNI4B4EhHu2jBK4tN2idWGgfYdVF","bucket":"yuanludaheng","endpoint":"oss-cn-beijing.aliyuncs.com","cdnDomain":"","ssl":true,"isCName":false,"debug":true} 
[2019-12-23 14:33:51] local.DEBUG: OSS config: {"driver":"oss","access_id":"LTAI4FxBLjVFjdf3sa98hwvt","access_key":"E1vNI4B4EhHu2jBK4tN2idWGgfYdVF","bucket":"yuanludaheng","endpoint":"oss-cn-beijing.aliyuncs.com","cdnDomain":"","ssl":true,"isCName":false,"debug":true} 
[2019-12-23 14:34:17] local.DEBUG: OSS config: {"driver":"oss","access_id":"LTAI4FxBLjVFjdf3sa98hwvt","access_key":"E1vNI4B4EhHu2jBK4tN2idWGgfYdVF","bucket":"yuanludaheng","endpoint":"oss-cn-beijing.aliyuncs.com","cdnDomain":"","ssl":true,"isCName":false,"debug":true} 
[2019-12-23 14:34:18] local.DEBUG: OSS config: {"driver":"oss","access_id":"LTAI4FxBLjVFjdf3sa98hwvt","access_key":"E1vNI4B4EhHu2jBK4tN2idWGgfYdVF","bucket":"yuanludaheng","endpoint":"oss-cn-beijing.aliyuncs.com","cdnDomain":"","ssl":true,"isCName":false,"debug":true} 
[2019-12-23 14:35:51] local.DEBUG: OSS config: {"driver":"oss","access_id":"LTAI4FxBLjVFjdf3sa98hwvt","access_key":"E1vNI4B4EhHu2jBK4tN2idWGgfYdVF","bucket":"yuanludaheng","endpoint":"oss-cn-beijing.aliyuncs.com","cdnDomain":"","ssl":true,"isCName":false,"debug":true} 
[2019-12-23 14:35:53] local.DEBUG: OSS config: {"driver":"oss","access_id":"LTAI4FxBLjVFjdf3sa98hwvt","access_key":"E1vNI4B4EhHu2jBK4tN2idWGgfYdVF","bucket":"yuanludaheng","endpoint":"oss-cn-beijing.aliyuncs.com","cdnDomain":"","ssl":true,"isCName":false,"debug":true} 
[2019-12-23 14:35:56] local.DEBUG: OSS config: {"driver":"oss","access_id":"LTAI4FxBLjVFjdf3sa98hwvt","access_key":"E1vNI4B4EhHu2jBK4tN2idWGgfYdVF","bucket":"yuanludaheng","endpoint":"oss-cn-beijing.aliyuncs.com","cdnDomain":"","ssl":true,"isCName":false,"debug":true} 
[2019-12-23 14:35:56] local.DEBUG: OSS config: {"driver":"oss","access_id":"LTAI4FxBLjVFjdf3sa98hwvt","access_key":"E1vNI4B4EhHu2jBK4tN2idWGgfYdVF","bucket":"yuanludaheng","endpoint":"oss-cn-beijing.aliyuncs.com","cdnDomain":"","ssl":true,"isCName":false,"debug":true} 
[2019-12-23 14:36:59] local.DEBUG: OSS config: {"driver":"oss","access_id":"LTAI4FxBLjVFjdf3sa98hwvt","access_key":"E1vNI4B4EhHu2jBK4tN2idWGgfYdVF","bucket":"yuanludaheng","endpoint":"oss-cn-beijing.aliyuncs.com","cdnDomain":"","ssl":true,"isCName":false,"debug":true} 
[2019-12-23 14:37:00] local.DEBUG: OSS config: {"driver":"oss","access_id":"LTAI4FxBLjVFjdf3sa98hwvt","access_key":"E1vNI4B4EhHu2jBK4tN2idWGgfYdVF","bucket":"yuanludaheng","endpoint":"oss-cn-beijing.aliyuncs.com","cdnDomain":"","ssl":true,"isCName":false,"debug":true} 
[2019-12-23 14:39:11] local.DEBUG: OSS config: {"driver":"oss","access_id":"LTAI4FxBLjVFjdf3sa98hwvt","access_key":"E1vNI4B4EhHu2jBK4tN2idWGgfYdVF","bucket":"yuanludaheng","endpoint":"oss-cn-beijing.aliyuncs.com","cdnDomain":"","ssl":true,"isCName":false,"debug":true} 
[2019-12-23 14:39:12] local.DEBUG: OSS config: {"driver":"oss","access_id":"LTAI4FxBLjVFjdf3sa98hwvt","access_key":"E1vNI4B4EhHu2jBK4tN2idWGgfYdVF","bucket":"yuanludaheng","endpoint":"oss-cn-beijing.aliyuncs.com","cdnDomain":"","ssl":true,"isCName":false,"debug":true} 
[2019-12-23 14:41:53] local.DEBUG: OSS config: {"driver":"oss","access_id":"LTAI4FxBLjVFjdf3sa98hwvt","access_key":"E1vNI4B4EhHu2jBK4tN2idWGgfYdVF","bucket":"yuanludaheng","endpoint":"oss-cn-beijing.aliyuncs.com","cdnDomain":"","ssl":true,"isCName":false,"debug":true} 
[2019-12-23 14:41:55] local.DEBUG: OSS config: {"driver":"oss","access_id":"LTAI4FxBLjVFjdf3sa98hwvt","access_key":"E1vNI4B4EhHu2jBK4tN2idWGgfYdVF","bucket":"yuanludaheng","endpoint":"oss-cn-beijing.aliyuncs.com","cdnDomain":"","ssl":true,"isCName":false,"debug":true} 
[2019-12-23 14:41:59] local.DEBUG: OSS config: {"driver":"oss","access_id":"LTAI4FxBLjVFjdf3sa98hwvt","access_key":"E1vNI4B4EhHu2jBK4tN2idWGgfYdVF","bucket":"yuanludaheng","endpoint":"oss-cn-beijing.aliyuncs.com","cdnDomain":"","ssl":true,"isCName":false,"debug":true} 
[2019-12-23 14:42:00] local.DEBUG: OSS config: {"driver":"oss","access_id":"LTAI4FxBLjVFjdf3sa98hwvt","access_key":"E1vNI4B4EhHu2jBK4tN2idWGgfYdVF","bucket":"yuanludaheng","endpoint":"oss-cn-beijing.aliyuncs.com","cdnDomain":"","ssl":true,"isCName":false,"debug":true} 
[2019-12-23 14:42:05] local.DEBUG: OSS config: {"driver":"oss","access_id":"LTAI4FxBLjVFjdf3sa98hwvt","access_key":"E1vNI4B4EhHu2jBK4tN2idWGgfYdVF","bucket":"yuanludaheng","endpoint":"oss-cn-beijing.aliyuncs.com","cdnDomain":"","ssl":true,"isCName":false,"debug":true} 
[2019-12-23 14:42:06] local.DEBUG: OSS config: {"driver":"oss","access_id":"LTAI4FxBLjVFjdf3sa98hwvt","access_key":"E1vNI4B4EhHu2jBK4tN2idWGgfYdVF","bucket":"yuanludaheng","endpoint":"oss-cn-beijing.aliyuncs.com","cdnDomain":"","ssl":true,"isCName":false,"debug":true} 
[2019-12-23 14:42:34] local.DEBUG: OSS config: {"driver":"oss","access_id":"LTAI4FxBLjVFjdf3sa98hwvt","access_key":"E1vNI4B4EhHu2jBK4tN2idWGgfYdVF","bucket":"yuanludaheng","endpoint":"oss-cn-beijing.aliyuncs.com","cdnDomain":"","ssl":true,"isCName":false,"debug":true} 
[2019-12-23 14:42:35] local.DEBUG: OSS config: {"driver":"oss","access_id":"LTAI4FxBLjVFjdf3sa98hwvt","access_key":"E1vNI4B4EhHu2jBK4tN2idWGgfYdVF","bucket":"yuanludaheng","endpoint":"oss-cn-beijing.aliyuncs.com","cdnDomain":"","ssl":true,"isCName":false,"debug":true} 
[2019-12-23 14:44:26] local.DEBUG: OSS config: {"driver":"oss","access_id":"LTAI4FxBLjVFjdf3sa98hwvt","access_key":"E1vNI4B4EhHu2jBK4tN2idWGgfYdVF","bucket":"yuanludaheng","endpoint":"oss-cn-beijing.aliyuncs.com","cdnDomain":"","ssl":true,"isCName":false,"debug":true} 
[2019-12-23 14:44:27] local.DEBUG: OSS config: {"driver":"oss","access_id":"LTAI4FxBLjVFjdf3sa98hwvt","access_key":"E1vNI4B4EhHu2jBK4tN2idWGgfYdVF","bucket":"yuanludaheng","endpoint":"oss-cn-beijing.aliyuncs.com","cdnDomain":"","ssl":true,"isCName":false,"debug":true} 
[2019-12-23 14:45:42] local.DEBUG: OSS config: {"driver":"oss","access_id":"LTAI4FxBLjVFjdf3sa98hwvt","access_key":"E1vNI4B4EhHu2jBK4tN2idWGgfYdVF","bucket":"yuanludaheng","endpoint":"oss-cn-beijing.aliyuncs.com","cdnDomain":"","ssl":true,"isCName":false,"debug":true} 
[2019-12-23 14:45:43] local.DEBUG: OSS config: {"driver":"oss","access_id":"LTAI4FxBLjVFjdf3sa98hwvt","access_key":"E1vNI4B4EhHu2jBK4tN2idWGgfYdVF","bucket":"yuanludaheng","endpoint":"oss-cn-beijing.aliyuncs.com","cdnDomain":"","ssl":true,"isCName":false,"debug":true} 
[2019-12-23 14:46:38] local.DEBUG: OSS config: {"driver":"oss","access_id":"LTAI4FxBLjVFjdf3sa98hwvt","access_key":"E1vNI4B4EhHu2jBK4tN2idWGgfYdVF","bucket":"yuanludaheng","endpoint":"oss-cn-beijing.aliyuncs.com","cdnDomain":"","ssl":true,"isCName":false,"debug":true} 
[2019-12-23 14:46:39] local.DEBUG: OSS config: {"driver":"oss","access_id":"LTAI4FxBLjVFjdf3sa98hwvt","access_key":"E1vNI4B4EhHu2jBK4tN2idWGgfYdVF","bucket":"yuanludaheng","endpoint":"oss-cn-beijing.aliyuncs.com","cdnDomain":"","ssl":true,"isCName":false,"debug":true} 
[2019-12-23 14:46:46] local.DEBUG: OSS config: {"driver":"oss","access_id":"LTAI4FxBLjVFjdf3sa98hwvt","access_key":"E1vNI4B4EhHu2jBK4tN2idWGgfYdVF","bucket":"yuanludaheng","endpoint":"oss-cn-beijing.aliyuncs.com","cdnDomain":"","ssl":true,"isCName":false,"debug":true} 
[2019-12-23 14:46:47] local.DEBUG: OSS config: {"driver":"oss","access_id":"LTAI4FxBLjVFjdf3sa98hwvt","access_key":"E1vNI4B4EhHu2jBK4tN2idWGgfYdVF","bucket":"yuanludaheng","endpoint":"oss-cn-beijing.aliyuncs.com","cdnDomain":"","ssl":true,"isCName":false,"debug":true} 
[2019-12-23 14:46:51] local.DEBUG: OSS config: {"driver":"oss","access_id":"LTAI4FxBLjVFjdf3sa98hwvt","access_key":"E1vNI4B4EhHu2jBK4tN2idWGgfYdVF","bucket":"yuanludaheng","endpoint":"oss-cn-beijing.aliyuncs.com","cdnDomain":"","ssl":true,"isCName":false,"debug":true} 
[2019-12-23 14:46:52] local.DEBUG: OSS config: {"driver":"oss","access_id":"LTAI4FxBLjVFjdf3sa98hwvt","access_key":"E1vNI4B4EhHu2jBK4tN2idWGgfYdVF","bucket":"yuanludaheng","endpoint":"oss-cn-beijing.aliyuncs.com","cdnDomain":"","ssl":true,"isCName":false,"debug":true} 
[2019-12-23 14:47:13] local.DEBUG: OSS config: {"driver":"oss","access_id":"LTAI4FxBLjVFjdf3sa98hwvt","access_key":"E1vNI4B4EhHu2jBK4tN2idWGgfYdVF","bucket":"yuanludaheng","endpoint":"oss-cn-beijing.aliyuncs.com","cdnDomain":"","ssl":true,"isCName":false,"debug":true} 
[2019-12-23 14:47:13] local.DEBUG: OSS config: {"driver":"oss","access_id":"LTAI4FxBLjVFjdf3sa98hwvt","access_key":"E1vNI4B4EhHu2jBK4tN2idWGgfYdVF","bucket":"yuanludaheng","endpoint":"oss-cn-beijing.aliyuncs.com","cdnDomain":"","ssl":true,"isCName":false,"debug":true} 
[2019-12-23 14:47:20] local.DEBUG: OSS config: {"driver":"oss","access_id":"LTAI4FxBLjVFjdf3sa98hwvt","access_key":"E1vNI4B4EhHu2jBK4tN2idWGgfYdVF","bucket":"yuanludaheng","endpoint":"oss-cn-beijing.aliyuncs.com","cdnDomain":"","ssl":true,"isCName":false,"debug":true} 
[2019-12-23 14:47:21] local.DEBUG: OSS config: {"driver":"oss","access_id":"LTAI4FxBLjVFjdf3sa98hwvt","access_key":"E1vNI4B4EhHu2jBK4tN2idWGgfYdVF","bucket":"yuanludaheng","endpoint":"oss-cn-beijing.aliyuncs.com","cdnDomain":"","ssl":true,"isCName":false,"debug":true} 
[2019-12-23 14:48:37] local.DEBUG: OSS config: {"driver":"oss","access_id":"LTAI4FxBLjVFjdf3sa98hwvt","access_key":"E1vNI4B4EhHu2jBK4tN2idWGgfYdVF","bucket":"yuanludaheng","endpoint":"oss-cn-beijing.aliyuncs.com","cdnDomain":"","ssl":true,"isCName":false,"debug":true} 
[2019-12-23 14:48:38] local.DEBUG: OSS config: {"driver":"oss","access_id":"LTAI4FxBLjVFjdf3sa98hwvt","access_key":"E1vNI4B4EhHu2jBK4tN2idWGgfYdVF","bucket":"yuanludaheng","endpoint":"oss-cn-beijing.aliyuncs.com","cdnDomain":"","ssl":true,"isCName":false,"debug":true} 
[2019-12-23 14:49:15] local.DEBUG: OSS config: {"driver":"oss","access_id":"LTAI4FxBLjVFjdf3sa98hwvt","access_key":"E1vNI4B4EhHu2jBK4tN2idWGgfYdVF","bucket":"yuanludaheng","endpoint":"oss-cn-beijing.aliyuncs.com","cdnDomain":"","ssl":true,"isCName":false,"debug":true} 
[2019-12-23 14:49:16] local.DEBUG: OSS config: {"driver":"oss","access_id":"LTAI4FxBLjVFjdf3sa98hwvt","access_key":"E1vNI4B4EhHu2jBK4tN2idWGgfYdVF","bucket":"yuanludaheng","endpoint":"oss-cn-beijing.aliyuncs.com","cdnDomain":"","ssl":true,"isCName":false,"debug":true} 
[2019-12-23 15:13:50] local.DEBUG: OSS config: {"driver":"oss","access_id":"LTAI4FxBLjVFjdf3sa98hwvt","access_key":"E1vNI4B4EhHu2jBK4tN2idWGgfYdVF","bucket":"yuanludaheng","endpoint":"oss-cn-beijing.aliyuncs.com","cdnDomain":"","ssl":true,"isCName":false,"debug":true} 
[2019-12-23 15:13:51] local.DEBUG: OSS config: {"driver":"oss","access_id":"LTAI4FxBLjVFjdf3sa98hwvt","access_key":"E1vNI4B4EhHu2jBK4tN2idWGgfYdVF","bucket":"yuanludaheng","endpoint":"oss-cn-beijing.aliyuncs.com","cdnDomain":"","ssl":true,"isCName":false,"debug":true} 
