[2019-12-20 13:24:45] local.DEBUG: OSS config: {"driver":"oss","access_id":"LTAI4FxBLjVFjdf3sa98hwvt","access_key":"E1vNI4B4EhHu2jBK4tN2idWGgfYdVF","bucket":"yuanludaheng","endpoint":"oss-cn-beijing.aliyuncs.com","cdnDomain":"","ssl":true,"isCName":false,"debug":true} 
[2019-12-20 13:24:47] local.DEBUG: OSS config: {"driver":"oss","access_id":"LTAI4FxBLjVFjdf3sa98hwvt","access_key":"E1vNI4B4EhHu2jBK4tN2idWGgfYdVF","bucket":"yuanludaheng","endpoint":"oss-cn-beijing.aliyuncs.com","cdnDomain":"","ssl":true,"isCName":false,"debug":true} 
[2019-12-20 13:25:05] local.DEBUG: OSS config: {"driver":"oss","access_id":"LTAI4FxBLjVFjdf3sa98hwvt","access_key":"E1vNI4B4EhHu2jBK4tN2idWGgfYdVF","bucket":"yuanludaheng","endpoint":"oss-cn-beijing.aliyuncs.com","cdnDomain":"","ssl":true,"isCName":false,"debug":true} 
[2019-12-20 13:25:06] local.DEBUG: OSS config: {"driver":"oss","access_id":"LTAI4FxBLjVFjdf3sa98hwvt","access_key":"E1vNI4B4EhHu2jBK4tN2idWGgfYdVF","bucket":"yuanludaheng","endpoint":"oss-cn-beijing.aliyuncs.com","cdnDomain":"","ssl":true,"isCName":false,"debug":true} 
[2019-12-20 13:32:13] local.DEBUG: OSS config: {"driver":"oss","access_id":"LTAI4FxBLjVFjdf3sa98hwvt","access_key":"E1vNI4B4EhHu2jBK4tN2idWGgfYdVF","bucket":"yuanludaheng","endpoint":"oss-cn-beijing.aliyuncs.com","cdnDomain":"","ssl":true,"isCName":false,"debug":true} 
[2019-12-20 13:32:14] local.DEBUG: OSS config: {"driver":"oss","access_id":"LTAI4FxBLjVFjdf3sa98hwvt","access_key":"E1vNI4B4EhHu2jBK4tN2idWGgfYdVF","bucket":"yuanludaheng","endpoint":"oss-cn-beijing.aliyuncs.com","cdnDomain":"","ssl":true,"isCName":false,"debug":true} 
[2019-12-20 13:36:05] local.DEBUG: OSS config: {"driver":"oss","access_id":"LTAI4FxBLjVFjdf3sa98hwvt","access_key":"E1vNI4B4EhHu2jBK4tN2idWGgfYdVF","bucket":"yuanludaheng","endpoint":"oss-cn-beijing.aliyuncs.com","cdnDomain":"","ssl":true,"isCName":false,"debug":true} 
[2019-12-20 13:36:06] local.DEBUG: OSS config: {"driver":"oss","access_id":"LTAI4FxBLjVFjdf3sa98hwvt","access_key":"E1vNI4B4EhHu2jBK4tN2idWGgfYdVF","bucket":"yuanludaheng","endpoint":"oss-cn-beijing.aliyuncs.com","cdnDomain":"","ssl":true,"isCName":false,"debug":true} 
[2019-12-20 13:36:27] local.DEBUG: OSS config: {"driver":"oss","access_id":"LTAI4FxBLjVFjdf3sa98hwvt","access_key":"E1vNI4B4EhHu2jBK4tN2idWGgfYdVF","bucket":"yuanludaheng","endpoint":"oss-cn-beijing.aliyuncs.com","cdnDomain":"","ssl":true,"isCName":false,"debug":true} 
[2019-12-20 13:36:28] local.DEBUG: OSS config: {"driver":"oss","access_id":"LTAI4FxBLjVFjdf3sa98hwvt","access_key":"E1vNI4B4EhHu2jBK4tN2idWGgfYdVF","bucket":"yuanludaheng","endpoint":"oss-cn-beijing.aliyuncs.com","cdnDomain":"","ssl":true,"isCName":false,"debug":true} 
[2019-12-20 13:37:57] local.DEBUG: OSS config: {"driver":"oss","access_id":"LTAI4FxBLjVFjdf3sa98hwvt","access_key":"E1vNI4B4EhHu2jBK4tN2idWGgfYdVF","bucket":"yuanludaheng","endpoint":"oss-cn-beijing.aliyuncs.com","cdnDomain":"","ssl":true,"isCName":false,"debug":true} 
[2019-12-20 13:37:59] local.DEBUG: OSS config: {"driver":"oss","access_id":"LTAI4FxBLjVFjdf3sa98hwvt","access_key":"E1vNI4B4EhHu2jBK4tN2idWGgfYdVF","bucket":"yuanludaheng","endpoint":"oss-cn-beijing.aliyuncs.com","cdnDomain":"","ssl":true,"isCName":false,"debug":true} 
[2019-12-20 13:38:00] local.DEBUG: OSS config: {"driver":"oss","access_id":"LTAI4FxBLjVFjdf3sa98hwvt","access_key":"E1vNI4B4EhHu2jBK4tN2idWGgfYdVF","bucket":"yuanludaheng","endpoint":"oss-cn-beijing.aliyuncs.com","cdnDomain":"","ssl":true,"isCName":false,"debug":true} 
[2019-12-20 13:38:17] local.DEBUG: OSS config: {"driver":"oss","access_id":"LTAI4FxBLjVFjdf3sa98hwvt","access_key":"E1vNI4B4EhHu2jBK4tN2idWGgfYdVF","bucket":"yuanludaheng","endpoint":"oss-cn-beijing.aliyuncs.com","cdnDomain":"","ssl":true,"isCName":false,"debug":true} 
[2019-12-20 13:38:18] local.DEBUG: OSS config: {"driver":"oss","access_id":"LTAI4FxBLjVFjdf3sa98hwvt","access_key":"E1vNI4B4EhHu2jBK4tN2idWGgfYdVF","bucket":"yuanludaheng","endpoint":"oss-cn-beijing.aliyuncs.com","cdnDomain":"","ssl":true,"isCName":false,"debug":true} 
[2019-12-20 13:39:44] local.ERROR: Creating default object from empty value {"userId":8,"exception":"[object] (ErrorException(code: 0): Creating default object from empty value at /var/www/wwwroot/daheng/app/Services/AgentService.php:208)
[stacktrace]
#0 /var/www/wwwroot/daheng/app/Services/AgentService.php(208): Illuminate\\Foundation\\Bootstrap\\HandleExceptions->handleError(2, 'Creating defaul...', '/var/www/wwwroo...', 208, Array)
#1 /var/www/wwwroot/daheng/app/Http/Controllers/AgentController.php(57): App\\Services\\AgentService->getQrCode(8)
#2 [internal function]: App\\Http\\Controllers\\AgentController->getQrCode()
#3 /var/www/wwwroot/daheng/vendor/laravel/framework/src/Illuminate/Routing/Controller.php(54): call_user_func_array(Array, Array)
#4 /var/www/wwwroot/daheng/vendor/laravel/framework/src/Illuminate/Routing/ControllerDispatcher.php(45): Illuminate\\Routing\\Controller->callAction('getQrcode', Array)
#5 /var/www/wwwroot/daheng/vendor/laravel/framework/src/Illuminate/Routing/Route.php(219): Illuminate\\Routing\\ControllerDispatcher->dispatch(Object(Illuminate\\Routing\\Route), Object(App\\Http\\Controllers\\AgentController), 'getQrcode')
#6 /var/www/wwwroot/daheng/vendor/laravel/framework/src/Illuminate/Routing/Route.php(176): Illuminate\\Routing\\Route->runController()
#7 /var/www/wwwroot/daheng/vendor/laravel/framework/src/Illuminate/Routing/Router.php(680): Illuminate\\Routing\\Route->run()
#8 /var/www/wwwroot/daheng/vendor/laravel/framework/src/Illuminate/Routing/Pipeline.php(30): Illuminate\\Routing\\Router->Illuminate\\Routing\\{closure}(Object(Illuminate\\Http\\Request))
#9 /var/www/wwwroot/daheng/vendor/laravel/framework/src/Illuminate/Routing/Middleware/SubstituteBindings.php(41): Illuminate\\Routing\\Pipeline->Illuminate\\Routing\\{closure}(Object(Illuminate\\Http\\Request))
#10 /var/www/wwwroot/daheng/vendor/laravel/framework/src/Illuminate/Pipeline/Pipeline.php(163): Illuminate\\Routing\\Middleware\\SubstituteBindings->handle(Object(Illuminate\\Http\\Request), Object(Closure))
#11 /var/www/wwwroot/daheng/vendor/laravel/framework/src/Illuminate/Routing/Pipeline.php(53): Illuminate\\Pipeline\\Pipeline->Illuminate\\Pipeline\\{closure}(Object(Illuminate\\Http\\Request))
#12 /var/www/wwwroot/daheng/vendor/laravel/framework/src/Illuminate/Auth/Middleware/Authenticate.php(43): Illuminate\\Routing\\Pipeline->Illuminate\\Routing\\{closure}(Object(Illuminate\\Http\\Request))
#13 /var/www/wwwroot/daheng/vendor/laravel/framework/src/Illuminate/Pipeline/Pipeline.php(163): Illuminate\\Auth\\Middleware\\Authenticate->handle(Object(Illuminate\\Http\\Request), Object(Closure), 'api')
#14 /var/www/wwwroot/daheng/vendor/laravel/framework/src/Illuminate/Routing/Pipeline.php(53): Illuminate\\Pipeline\\Pipeline->Illuminate\\Pipeline\\{closure}(Object(Illuminate\\Http\\Request))
#15 /var/www/wwwroot/daheng/vendor/laravel/framework/src/Illuminate/Routing/Middleware/ThrottleRequests.php(58): Illuminate\\Routing\\Pipeline->Illuminate\\Routing\\{closure}(Object(Illuminate\\Http\\Request))
#16 /var/www/wwwroot/daheng/vendor/laravel/framework/src/Illuminate/Pipeline/Pipeline.php(163): Illuminate\\Routing\\Middleware\\ThrottleRequests->handle(Object(Illuminate\\Http\\Request), Object(Closure), 60, '1')
#17 /var/www/wwwroot/daheng/vendor/laravel/framework/src/Illuminate/Routing/Pipeline.php(53): Illuminate\\Pipeline\\Pipeline->Illuminate\\Pipeline\\{closure}(Object(Illuminate\\Http\\Request))
#18 /var/www/wwwroot/daheng/vendor/laravel/framework/src/Illuminate/Pipeline/Pipeline.php(104): Illuminate\\Routing\\Pipeline->Illuminate\\Routing\\{closure}(Object(Illuminate\\Http\\Request))
#19 /var/www/wwwroot/daheng/vendor/laravel/framework/src/Illuminate/Routing/Router.php(682): Illuminate\\Pipeline\\Pipeline->then(Object(Closure))
#20 /var/www/wwwroot/daheng/vendor/laravel/framework/src/Illuminate/Routing/Router.php(657): Illuminate\\Routing\\Router->runRouteWithinStack(Object(Illuminate\\Routing\\Route), Object(Illuminate\\Http\\Request))
#21 /var/www/wwwroot/daheng/vendor/laravel/framework/src/Illuminate/Routing/Router.php(623): Illuminate\\Routing\\Router->runRoute(Object(Illuminate\\Http\\Request), Object(Illuminate\\Routing\\Route))
#22 /var/www/wwwroot/daheng/vendor/laravel/framework/src/Illuminate/Routing/Router.php(612): Illuminate\\Routing\\Router->dispatchToRoute(Object(Illuminate\\Http\\Request))
#23 /var/www/wwwroot/daheng/vendor/laravel/framework/src/Illuminate/Foundation/Http/Kernel.php(176): Illuminate\\Routing\\Router->dispatch(Object(Illuminate\\Http\\Request))
#24 /var/www/wwwroot/daheng/vendor/laravel/framework/src/Illuminate/Routing/Pipeline.php(30): Illuminate\\Foundation\\Http\\Kernel->Illuminate\\Foundation\\Http\\{closure}(Object(Illuminate\\Http\\Request))
#25 /var/www/wwwroot/daheng/vendor/laravel/framework/src/Illuminate/Foundation/Http/Middleware/TransformsRequest.php(21): Illuminate\\Routing\\Pipeline->Illuminate\\Routing\\{closure}(Object(Illuminate\\Http\\Request))
#26 /var/www/wwwroot/daheng/vendor/laravel/framework/src/Illuminate/Pipeline/Pipeline.php(163): Illuminate\\Foundation\\Http\\Middleware\\TransformsRequest->handle(Object(Illuminate\\Http\\Request), Object(Closure))
#27 /var/www/wwwroot/daheng/vendor/laravel/framework/src/Illuminate/Routing/Pipeline.php(53): Illuminate\\Pipeline\\Pipeline->Illuminate\\Pipeline\\{closure}(Object(Illuminate\\Http\\Request))
#28 /var/www/wwwroot/daheng/vendor/laravel/framework/src/Illuminate/Foundation/Http/Middleware/TransformsRequest.php(21): Illuminate\\Routing\\Pipeline->Illuminate\\Routing\\{closure}(Object(Illuminate\\Http\\Request))
#29 /var/www/wwwroot/daheng/vendor/laravel/framework/src/Illuminate/Pipeline/Pipeline.php(163): Illuminate\\Foundation\\Http\\Middleware\\TransformsRequest->handle(Object(Illuminate\\Http\\Request), Object(Closure))
#30 /var/www/wwwroot/daheng/vendor/laravel/framework/src/Illuminate/Routing/Pipeline.php(53): Illuminate\\Pipeline\\Pipeline->Illuminate\\Pipeline\\{closure}(Object(Illuminate\\Http\\Request))
#31 /var/www/wwwroot/daheng/vendor/laravel/framework/src/Illuminate/Foundation/Http/Middleware/ValidatePostSize.php(27): Illuminate\\Routing\\Pipeline->Illuminate\\Routing\\{closure}(Object(Illuminate\\Http\\Request))
#32 /var/www/wwwroot/daheng/vendor/laravel/framework/src/Illuminate/Pipeline/Pipeline.php(163): Illuminate\\Foundation\\Http\\Middleware\\ValidatePostSize->handle(Object(Illuminate\\Http\\Request), Object(Closure))
#33 /var/www/wwwroot/daheng/vendor/laravel/framework/src/Illuminate/Routing/Pipeline.php(53): Illuminate\\Pipeline\\Pipeline->Illuminate\\Pipeline\\{closure}(Object(Illuminate\\Http\\Request))
#34 /var/www/wwwroot/daheng/vendor/laravel/framework/src/Illuminate/Foundation/Http/Middleware/CheckForMaintenanceMode.php(62): Illuminate\\Routing\\Pipeline->Illuminate\\Routing\\{closure}(Object(Illuminate\\Http\\Request))
#35 /var/www/wwwroot/daheng/vendor/laravel/framework/src/Illuminate/Pipeline/Pipeline.php(163): Illuminate\\Foundation\\Http\\Middleware\\CheckForMaintenanceMode->handle(Object(Illuminate\\Http\\Request), Object(Closure))
#36 /var/www/wwwroot/daheng/vendor/laravel/framework/src/Illuminate/Routing/Pipeline.php(53): Illuminate\\Pipeline\\Pipeline->Illuminate\\Pipeline\\{closure}(Object(Illuminate\\Http\\Request))
#37 /var/www/wwwroot/daheng/vendor/fideloper/proxy/src/TrustProxies.php(57): Illuminate\\Routing\\Pipeline->Illuminate\\Routing\\{closure}(Object(Illuminate\\Http\\Request))
#38 /var/www/wwwroot/daheng/vendor/laravel/framework/src/Illuminate/Pipeline/Pipeline.php(163): Fideloper\\Proxy\\TrustProxies->handle(Object(Illuminate\\Http\\Request), Object(Closure))
#39 /var/www/wwwroot/daheng/vendor/laravel/framework/src/Illuminate/Routing/Pipeline.php(53): Illuminate\\Pipeline\\Pipeline->Illuminate\\Pipeline\\{closure}(Object(Illuminate\\Http\\Request))
#40 /var/www/wwwroot/daheng/vendor/laravel/framework/src/Illuminate/Pipeline/Pipeline.php(104): Illuminate\\Routing\\Pipeline->Illuminate\\Routing\\{closure}(Object(Illuminate\\Http\\Request))
#41 /var/www/wwwroot/daheng/vendor/laravel/framework/src/Illuminate/Foundation/Http/Kernel.php(151): Illuminate\\Pipeline\\Pipeline->then(Object(Closure))
#42 /var/www/wwwroot/daheng/vendor/laravel/framework/src/Illuminate/Foundation/Http/Kernel.php(116): Illuminate\\Foundation\\Http\\Kernel->sendRequestThroughRouter(Object(Illuminate\\Http\\Request))
#43 /var/www/wwwroot/daheng/public/index.php(55): Illuminate\\Foundation\\Http\\Kernel->handle(Object(Illuminate\\Http\\Request))
#44 {main}
"} 
[2019-12-20 13:43:27] local.DEBUG: OSS config: {"driver":"oss","access_id":"LTAI4FxBLjVFjdf3sa98hwvt","access_key":"E1vNI4B4EhHu2jBK4tN2idWGgfYdVF","bucket":"yuanludaheng","endpoint":"oss-cn-beijing.aliyuncs.com","cdnDomain":"","ssl":true,"isCName":false,"debug":true} 
[2019-12-20 13:43:28] local.DEBUG: OSS config: {"driver":"oss","access_id":"LTAI4FxBLjVFjdf3sa98hwvt","access_key":"E1vNI4B4EhHu2jBK4tN2idWGgfYdVF","bucket":"yuanludaheng","endpoint":"oss-cn-beijing.aliyuncs.com","cdnDomain":"","ssl":true,"isCName":false,"debug":true} 
[2019-12-20 13:44:05] local.DEBUG: OSS config: {"driver":"oss","access_id":"LTAI4FxBLjVFjdf3sa98hwvt","access_key":"E1vNI4B4EhHu2jBK4tN2idWGgfYdVF","bucket":"yuanludaheng","endpoint":"oss-cn-beijing.aliyuncs.com","cdnDomain":"","ssl":true,"isCName":false,"debug":true} 
[2019-12-20 13:44:06] local.DEBUG: OSS config: {"driver":"oss","access_id":"LTAI4FxBLjVFjdf3sa98hwvt","access_key":"E1vNI4B4EhHu2jBK4tN2idWGgfYdVF","bucket":"yuanludaheng","endpoint":"oss-cn-beijing.aliyuncs.com","cdnDomain":"","ssl":true,"isCName":false,"debug":true} 
[2019-12-20 13:44:31] local.DEBUG: OSS config: {"driver":"oss","access_id":"LTAI4FxBLjVFjdf3sa98hwvt","access_key":"E1vNI4B4EhHu2jBK4tN2idWGgfYdVF","bucket":"yuanludaheng","endpoint":"oss-cn-beijing.aliyuncs.com","cdnDomain":"","ssl":true,"isCName":false,"debug":true} 
[2019-12-20 13:44:32] local.DEBUG: OSS config: {"driver":"oss","access_id":"LTAI4FxBLjVFjdf3sa98hwvt","access_key":"E1vNI4B4EhHu2jBK4tN2idWGgfYdVF","bucket":"yuanludaheng","endpoint":"oss-cn-beijing.aliyuncs.com","cdnDomain":"","ssl":true,"isCName":false,"debug":true} 
[2019-12-20 13:46:02] local.DEBUG: OSS config: {"driver":"oss","access_id":"LTAI4FxBLjVFjdf3sa98hwvt","access_key":"E1vNI4B4EhHu2jBK4tN2idWGgfYdVF","bucket":"yuanludaheng","endpoint":"oss-cn-beijing.aliyuncs.com","cdnDomain":"","ssl":true,"isCName":false,"debug":true} 
[2019-12-20 13:46:03] local.DEBUG: OSS config: {"driver":"oss","access_id":"LTAI4FxBLjVFjdf3sa98hwvt","access_key":"E1vNI4B4EhHu2jBK4tN2idWGgfYdVF","bucket":"yuanludaheng","endpoint":"oss-cn-beijing.aliyuncs.com","cdnDomain":"","ssl":true,"isCName":false,"debug":true} 
[2019-12-20 13:46:38] local.DEBUG: OSS config: {"driver":"oss","access_id":"LTAI4FxBLjVFjdf3sa98hwvt","access_key":"E1vNI4B4EhHu2jBK4tN2idWGgfYdVF","bucket":"yuanludaheng","endpoint":"oss-cn-beijing.aliyuncs.com","cdnDomain":"","ssl":true,"isCName":false,"debug":true} 
[2019-12-20 13:46:39] local.DEBUG: OSS config: {"driver":"oss","access_id":"LTAI4FxBLjVFjdf3sa98hwvt","access_key":"E1vNI4B4EhHu2jBK4tN2idWGgfYdVF","bucket":"yuanludaheng","endpoint":"oss-cn-beijing.aliyuncs.com","cdnDomain":"","ssl":true,"isCName":false,"debug":true} 
[2019-12-20 13:47:01] local.DEBUG: OSS config: {"driver":"oss","access_id":"LTAI4FxBLjVFjdf3sa98hwvt","access_key":"E1vNI4B4EhHu2jBK4tN2idWGgfYdVF","bucket":"yuanludaheng","endpoint":"oss-cn-beijing.aliyuncs.com","cdnDomain":"","ssl":true,"isCName":false,"debug":true} 
[2019-12-20 13:47:02] local.DEBUG: OSS config: {"driver":"oss","access_id":"LTAI4FxBLjVFjdf3sa98hwvt","access_key":"E1vNI4B4EhHu2jBK4tN2idWGgfYdVF","bucket":"yuanludaheng","endpoint":"oss-cn-beijing.aliyuncs.com","cdnDomain":"","ssl":true,"isCName":false,"debug":true} 
[2019-12-20 13:47:44] local.DEBUG: OSS config: {"driver":"oss","access_id":"LTAI4FxBLjVFjdf3sa98hwvt","access_key":"E1vNI4B4EhHu2jBK4tN2idWGgfYdVF","bucket":"yuanludaheng","endpoint":"oss-cn-beijing.aliyuncs.com","cdnDomain":"","ssl":true,"isCName":false,"debug":true} 
[2019-12-20 13:47:44] local.DEBUG: OSS config: {"driver":"oss","access_id":"LTAI4FxBLjVFjdf3sa98hwvt","access_key":"E1vNI4B4EhHu2jBK4tN2idWGgfYdVF","bucket":"yuanludaheng","endpoint":"oss-cn-beijing.aliyuncs.com","cdnDomain":"","ssl":true,"isCName":false,"debug":true} 
[2019-12-20 13:48:02] local.DEBUG: OSS config: {"driver":"oss","access_id":"LTAI4FxBLjVFjdf3sa98hwvt","access_key":"E1vNI4B4EhHu2jBK4tN2idWGgfYdVF","bucket":"yuanludaheng","endpoint":"oss-cn-beijing.aliyuncs.com","cdnDomain":"","ssl":true,"isCName":false,"debug":true} 
[2019-12-20 13:48:02] local.DEBUG: OSS config: {"driver":"oss","access_id":"LTAI4FxBLjVFjdf3sa98hwvt","access_key":"E1vNI4B4EhHu2jBK4tN2idWGgfYdVF","bucket":"yuanludaheng","endpoint":"oss-cn-beijing.aliyuncs.com","cdnDomain":"","ssl":true,"isCName":false,"debug":true} 
[2019-12-20 13:48:09] local.DEBUG: OSS config: {"driver":"oss","access_id":"LTAI4FxBLjVFjdf3sa98hwvt","access_key":"E1vNI4B4EhHu2jBK4tN2idWGgfYdVF","bucket":"yuanludaheng","endpoint":"oss-cn-beijing.aliyuncs.com","cdnDomain":"","ssl":true,"isCName":false,"debug":true} 
[2019-12-20 13:48:09] local.DEBUG: OSS config: {"driver":"oss","access_id":"LTAI4FxBLjVFjdf3sa98hwvt","access_key":"E1vNI4B4EhHu2jBK4tN2idWGgfYdVF","bucket":"yuanludaheng","endpoint":"oss-cn-beijing.aliyuncs.com","cdnDomain":"","ssl":true,"isCName":false,"debug":true} 
[2019-12-20 13:51:51] local.DEBUG: OSS config: {"driver":"oss","access_id":"LTAI4FxBLjVFjdf3sa98hwvt","access_key":"E1vNI4B4EhHu2jBK4tN2idWGgfYdVF","bucket":"yuanludaheng","endpoint":"oss-cn-beijing.aliyuncs.com","cdnDomain":"","ssl":true,"isCName":false,"debug":true} 
[2019-12-20 13:51:52] local.DEBUG: OSS config: {"driver":"oss","access_id":"LTAI4FxBLjVFjdf3sa98hwvt","access_key":"E1vNI4B4EhHu2jBK4tN2idWGgfYdVF","bucket":"yuanludaheng","endpoint":"oss-cn-beijing.aliyuncs.com","cdnDomain":"","ssl":true,"isCName":false,"debug":true} 
[2019-12-20 13:55:19] local.DEBUG: OSS config: {"driver":"oss","access_id":"LTAI4FxBLjVFjdf3sa98hwvt","access_key":"E1vNI4B4EhHu2jBK4tN2idWGgfYdVF","bucket":"yuanludaheng","endpoint":"oss-cn-beijing.aliyuncs.com","cdnDomain":"","ssl":true,"isCName":false,"debug":true} 
[2019-12-20 13:55:20] local.DEBUG: OSS config: {"driver":"oss","access_id":"LTAI4FxBLjVFjdf3sa98hwvt","access_key":"E1vNI4B4EhHu2jBK4tN2idWGgfYdVF","bucket":"yuanludaheng","endpoint":"oss-cn-beijing.aliyuncs.com","cdnDomain":"","ssl":true,"isCName":false,"debug":true} 
[2019-12-20 13:55:42] local.DEBUG: OSS config: {"driver":"oss","access_id":"LTAI4FxBLjVFjdf3sa98hwvt","access_key":"E1vNI4B4EhHu2jBK4tN2idWGgfYdVF","bucket":"yuanludaheng","endpoint":"oss-cn-beijing.aliyuncs.com","cdnDomain":"","ssl":true,"isCName":false,"debug":true} 
[2019-12-20 13:55:43] local.DEBUG: OSS config: {"driver":"oss","access_id":"LTAI4FxBLjVFjdf3sa98hwvt","access_key":"E1vNI4B4EhHu2jBK4tN2idWGgfYdVF","bucket":"yuanludaheng","endpoint":"oss-cn-beijing.aliyuncs.com","cdnDomain":"","ssl":true,"isCName":false,"debug":true} 
[2019-12-20 13:57:50] local.DEBUG: OSS config: {"driver":"oss","access_id":"LTAI4FxBLjVFjdf3sa98hwvt","access_key":"E1vNI4B4EhHu2jBK4tN2idWGgfYdVF","bucket":"yuanludaheng","endpoint":"oss-cn-beijing.aliyuncs.com","cdnDomain":"","ssl":true,"isCName":false,"debug":true} 
[2019-12-20 13:57:52] local.DEBUG: OSS config: {"driver":"oss","access_id":"LTAI4FxBLjVFjdf3sa98hwvt","access_key":"E1vNI4B4EhHu2jBK4tN2idWGgfYdVF","bucket":"yuanludaheng","endpoint":"oss-cn-beijing.aliyuncs.com","cdnDomain":"","ssl":true,"isCName":false,"debug":true} 
[2019-12-20 14:05:39] local.DEBUG: OSS config: {"driver":"oss","access_id":"LTAI4FxBLjVFjdf3sa98hwvt","access_key":"E1vNI4B4EhHu2jBK4tN2idWGgfYdVF","bucket":"yuanludaheng","endpoint":"oss-cn-beijing.aliyuncs.com","cdnDomain":"","ssl":true,"isCName":false,"debug":true} 
[2019-12-20 14:05:40] local.DEBUG: OSS config: {"driver":"oss","access_id":"LTAI4FxBLjVFjdf3sa98hwvt","access_key":"E1vNI4B4EhHu2jBK4tN2idWGgfYdVF","bucket":"yuanludaheng","endpoint":"oss-cn-beijing.aliyuncs.com","cdnDomain":"","ssl":true,"isCName":false,"debug":true} 
[2019-12-20 14:05:44] local.DEBUG: OSS config: {"driver":"oss","access_id":"LTAI4FxBLjVFjdf3sa98hwvt","access_key":"E1vNI4B4EhHu2jBK4tN2idWGgfYdVF","bucket":"yuanludaheng","endpoint":"oss-cn-beijing.aliyuncs.com","cdnDomain":"","ssl":true,"isCName":false,"debug":true} 
[2019-12-20 14:05:44] local.DEBUG: OSS config: {"driver":"oss","access_id":"LTAI4FxBLjVFjdf3sa98hwvt","access_key":"E1vNI4B4EhHu2jBK4tN2idWGgfYdVF","bucket":"yuanludaheng","endpoint":"oss-cn-beijing.aliyuncs.com","cdnDomain":"","ssl":true,"isCName":false,"debug":true} 
[2019-12-20 14:05:47] local.DEBUG: OSS config: {"driver":"oss","access_id":"LTAI4FxBLjVFjdf3sa98hwvt","access_key":"E1vNI4B4EhHu2jBK4tN2idWGgfYdVF","bucket":"yuanludaheng","endpoint":"oss-cn-beijing.aliyuncs.com","cdnDomain":"","ssl":true,"isCName":false,"debug":true} 
[2019-12-20 14:05:47] local.DEBUG: OSS config: {"driver":"oss","access_id":"LTAI4FxBLjVFjdf3sa98hwvt","access_key":"E1vNI4B4EhHu2jBK4tN2idWGgfYdVF","bucket":"yuanludaheng","endpoint":"oss-cn-beijing.aliyuncs.com","cdnDomain":"","ssl":true,"isCName":false,"debug":true} 
[2019-12-20 14:06:22] local.DEBUG: OSS config: {"driver":"oss","access_id":"LTAI4FxBLjVFjdf3sa98hwvt","access_key":"E1vNI4B4EhHu2jBK4tN2idWGgfYdVF","bucket":"yuanludaheng","endpoint":"oss-cn-beijing.aliyuncs.com","cdnDomain":"","ssl":true,"isCName":false,"debug":true} 
[2019-12-20 14:06:22] local.DEBUG: OSS config: {"driver":"oss","access_id":"LTAI4FxBLjVFjdf3sa98hwvt","access_key":"E1vNI4B4EhHu2jBK4tN2idWGgfYdVF","bucket":"yuanludaheng","endpoint":"oss-cn-beijing.aliyuncs.com","cdnDomain":"","ssl":true,"isCName":false,"debug":true} 
[2019-12-20 14:06:55] local.DEBUG: OSS config: {"driver":"oss","access_id":"LTAI4FxBLjVFjdf3sa98hwvt","access_key":"E1vNI4B4EhHu2jBK4tN2idWGgfYdVF","bucket":"yuanludaheng","endpoint":"oss-cn-beijing.aliyuncs.com","cdnDomain":"","ssl":true,"isCName":false,"debug":true} 
[2019-12-20 14:06:56] local.DEBUG: OSS config: {"driver":"oss","access_id":"LTAI4FxBLjVFjdf3sa98hwvt","access_key":"E1vNI4B4EhHu2jBK4tN2idWGgfYdVF","bucket":"yuanludaheng","endpoint":"oss-cn-beijing.aliyuncs.com","cdnDomain":"","ssl":true,"isCName":false,"debug":true} 
[2019-12-20 14:07:30] local.DEBUG: OSS config: {"driver":"oss","access_id":"LTAI4FxBLjVFjdf3sa98hwvt","access_key":"E1vNI4B4EhHu2jBK4tN2idWGgfYdVF","bucket":"yuanludaheng","endpoint":"oss-cn-beijing.aliyuncs.com","cdnDomain":"","ssl":true,"isCName":false,"debug":true} 
[2019-12-20 14:07:31] local.DEBUG: OSS config: {"driver":"oss","access_id":"LTAI4FxBLjVFjdf3sa98hwvt","access_key":"E1vNI4B4EhHu2jBK4tN2idWGgfYdVF","bucket":"yuanludaheng","endpoint":"oss-cn-beijing.aliyuncs.com","cdnDomain":"","ssl":true,"isCName":false,"debug":true} 
[2019-12-20 14:08:25] local.DEBUG: OSS config: {"driver":"oss","access_id":"LTAI4FxBLjVFjdf3sa98hwvt","access_key":"E1vNI4B4EhHu2jBK4tN2idWGgfYdVF","bucket":"yuanludaheng","endpoint":"oss-cn-beijing.aliyuncs.com","cdnDomain":"","ssl":true,"isCName":false,"debug":true} 
[2019-12-20 14:08:26] local.DEBUG: OSS config: {"driver":"oss","access_id":"LTAI4FxBLjVFjdf3sa98hwvt","access_key":"E1vNI4B4EhHu2jBK4tN2idWGgfYdVF","bucket":"yuanludaheng","endpoint":"oss-cn-beijing.aliyuncs.com","cdnDomain":"","ssl":true,"isCName":false,"debug":true} 
[2019-12-20 14:13:29] local.DEBUG: OSS config: {"driver":"oss","access_id":"LTAI4FxBLjVFjdf3sa98hwvt","access_key":"E1vNI4B4EhHu2jBK4tN2idWGgfYdVF","bucket":"yuanludaheng","endpoint":"oss-cn-beijing.aliyuncs.com","cdnDomain":"","ssl":true,"isCName":false,"debug":true} 
[2019-12-20 14:13:30] local.DEBUG: OSS config: {"driver":"oss","access_id":"LTAI4FxBLjVFjdf3sa98hwvt","access_key":"E1vNI4B4EhHu2jBK4tN2idWGgfYdVF","bucket":"yuanludaheng","endpoint":"oss-cn-beijing.aliyuncs.com","cdnDomain":"","ssl":true,"isCName":false,"debug":true} 
[2019-12-20 14:13:46] local.DEBUG: OSS config: {"driver":"oss","access_id":"LTAI4FxBLjVFjdf3sa98hwvt","access_key":"E1vNI4B4EhHu2jBK4tN2idWGgfYdVF","bucket":"yuanludaheng","endpoint":"oss-cn-beijing.aliyuncs.com","cdnDomain":"","ssl":true,"isCName":false,"debug":true} 
[2019-12-20 14:13:47] local.DEBUG: OSS config: {"driver":"oss","access_id":"LTAI4FxBLjVFjdf3sa98hwvt","access_key":"E1vNI4B4EhHu2jBK4tN2idWGgfYdVF","bucket":"yuanludaheng","endpoint":"oss-cn-beijing.aliyuncs.com","cdnDomain":"","ssl":true,"isCName":false,"debug":true} 
[2019-12-20 14:13:52] local.DEBUG: OSS config: {"driver":"oss","access_id":"LTAI4FxBLjVFjdf3sa98hwvt","access_key":"E1vNI4B4EhHu2jBK4tN2idWGgfYdVF","bucket":"yuanludaheng","endpoint":"oss-cn-beijing.aliyuncs.com","cdnDomain":"","ssl":true,"isCName":false,"debug":true} 
[2019-12-20 14:13:53] local.DEBUG: OSS config: {"driver":"oss","access_id":"LTAI4FxBLjVFjdf3sa98hwvt","access_key":"E1vNI4B4EhHu2jBK4tN2idWGgfYdVF","bucket":"yuanludaheng","endpoint":"oss-cn-beijing.aliyuncs.com","cdnDomain":"","ssl":true,"isCName":false,"debug":true} 
[2019-12-20 14:19:30] local.DEBUG: OSS config: {"driver":"oss","access_id":"LTAI4FxBLjVFjdf3sa98hwvt","access_key":"E1vNI4B4EhHu2jBK4tN2idWGgfYdVF","bucket":"yuanludaheng","endpoint":"oss-cn-beijing.aliyuncs.com","cdnDomain":"","ssl":true,"isCName":false,"debug":true} 
[2019-12-20 14:19:31] local.DEBUG: OSS config: {"driver":"oss","access_id":"LTAI4FxBLjVFjdf3sa98hwvt","access_key":"E1vNI4B4EhHu2jBK4tN2idWGgfYdVF","bucket":"yuanludaheng","endpoint":"oss-cn-beijing.aliyuncs.com","cdnDomain":"","ssl":true,"isCName":false,"debug":true} 
[2019-12-20 14:21:37] local.DEBUG: OSS config: {"driver":"oss","access_id":"LTAI4FxBLjVFjdf3sa98hwvt","access_key":"E1vNI4B4EhHu2jBK4tN2idWGgfYdVF","bucket":"yuanludaheng","endpoint":"oss-cn-beijing.aliyuncs.com","cdnDomain":"","ssl":true,"isCName":false,"debug":true} 
[2019-12-20 14:21:38] local.DEBUG: OSS config: {"driver":"oss","access_id":"LTAI4FxBLjVFjdf3sa98hwvt","access_key":"E1vNI4B4EhHu2jBK4tN2idWGgfYdVF","bucket":"yuanludaheng","endpoint":"oss-cn-beijing.aliyuncs.com","cdnDomain":"","ssl":true,"isCName":false,"debug":true} 
[2019-12-20 14:24:31] local.DEBUG: OSS config: {"driver":"oss","access_id":"LTAI4FxBLjVFjdf3sa98hwvt","access_key":"E1vNI4B4EhHu2jBK4tN2idWGgfYdVF","bucket":"yuanludaheng","endpoint":"oss-cn-beijing.aliyuncs.com","cdnDomain":"","ssl":true,"isCName":false,"debug":true} 
[2019-12-20 14:24:34] local.DEBUG: OSS config: {"driver":"oss","access_id":"LTAI4FxBLjVFjdf3sa98hwvt","access_key":"E1vNI4B4EhHu2jBK4tN2idWGgfYdVF","bucket":"yuanludaheng","endpoint":"oss-cn-beijing.aliyuncs.com","cdnDomain":"","ssl":true,"isCName":false,"debug":true} 
[2019-12-20 14:27:36] local.DEBUG: OSS config: {"driver":"oss","access_id":"LTAI4FxBLjVFjdf3sa98hwvt","access_key":"E1vNI4B4EhHu2jBK4tN2idWGgfYdVF","bucket":"yuanludaheng","endpoint":"oss-cn-beijing.aliyuncs.com","cdnDomain":"","ssl":true,"isCName":false,"debug":true} 
[2019-12-20 14:27:39] local.DEBUG: OSS config: {"driver":"oss","access_id":"LTAI4FxBLjVFjdf3sa98hwvt","access_key":"E1vNI4B4EhHu2jBK4tN2idWGgfYdVF","bucket":"yuanludaheng","endpoint":"oss-cn-beijing.aliyuncs.com","cdnDomain":"","ssl":true,"isCName":false,"debug":true} 
[2019-12-20 14:28:17] local.DEBUG: OSS config: {"driver":"oss","access_id":"LTAI4FxBLjVFjdf3sa98hwvt","access_key":"E1vNI4B4EhHu2jBK4tN2idWGgfYdVF","bucket":"yuanludaheng","endpoint":"oss-cn-beijing.aliyuncs.com","cdnDomain":"","ssl":true,"isCName":false,"debug":true} 
[2019-12-20 14:28:19] local.DEBUG: OSS config: {"driver":"oss","access_id":"LTAI4FxBLjVFjdf3sa98hwvt","access_key":"E1vNI4B4EhHu2jBK4tN2idWGgfYdVF","bucket":"yuanludaheng","endpoint":"oss-cn-beijing.aliyuncs.com","cdnDomain":"","ssl":true,"isCName":false,"debug":true} 
[2019-12-20 14:28:26] local.DEBUG: OSS config: {"driver":"oss","access_id":"LTAI4FxBLjVFjdf3sa98hwvt","access_key":"E1vNI4B4EhHu2jBK4tN2idWGgfYdVF","bucket":"yuanludaheng","endpoint":"oss-cn-beijing.aliyuncs.com","cdnDomain":"","ssl":true,"isCName":false,"debug":true} 
[2019-12-20 14:28:28] local.DEBUG: OSS config: {"driver":"oss","access_id":"LTAI4FxBLjVFjdf3sa98hwvt","access_key":"E1vNI4B4EhHu2jBK4tN2idWGgfYdVF","bucket":"yuanludaheng","endpoint":"oss-cn-beijing.aliyuncs.com","cdnDomain":"","ssl":true,"isCName":false,"debug":true} 
[2019-12-20 14:35:15] local.DEBUG: OSS config: {"driver":"oss","access_id":"LTAI4FxBLjVFjdf3sa98hwvt","access_key":"E1vNI4B4EhHu2jBK4tN2idWGgfYdVF","bucket":"yuanludaheng","endpoint":"oss-cn-beijing.aliyuncs.com","cdnDomain":"","ssl":true,"isCName":false,"debug":true} 
[2019-12-20 14:35:17] local.DEBUG: OSS config: {"driver":"oss","access_id":"LTAI4FxBLjVFjdf3sa98hwvt","access_key":"E1vNI4B4EhHu2jBK4tN2idWGgfYdVF","bucket":"yuanludaheng","endpoint":"oss-cn-beijing.aliyuncs.com","cdnDomain":"","ssl":true,"isCName":false,"debug":true} 
[2019-12-20 14:35:39] local.DEBUG: OSS config: {"driver":"oss","access_id":"LTAI4FxBLjVFjdf3sa98hwvt","access_key":"E1vNI4B4EhHu2jBK4tN2idWGgfYdVF","bucket":"yuanludaheng","endpoint":"oss-cn-beijing.aliyuncs.com","cdnDomain":"","ssl":true,"isCName":false,"debug":true} 
[2019-12-20 14:35:44] local.DEBUG: OSS config: {"driver":"oss","access_id":"LTAI4FxBLjVFjdf3sa98hwvt","access_key":"E1vNI4B4EhHu2jBK4tN2idWGgfYdVF","bucket":"yuanludaheng","endpoint":"oss-cn-beijing.aliyuncs.com","cdnDomain":"","ssl":true,"isCName":false,"debug":true} 
[2019-12-20 14:36:09] local.DEBUG: OSS config: {"driver":"oss","access_id":"LTAI4FxBLjVFjdf3sa98hwvt","access_key":"E1vNI4B4EhHu2jBK4tN2idWGgfYdVF","bucket":"yuanludaheng","endpoint":"oss-cn-beijing.aliyuncs.com","cdnDomain":"","ssl":true,"isCName":false,"debug":true} 
[2019-12-20 14:36:10] local.DEBUG: OSS config: {"driver":"oss","access_id":"LTAI4FxBLjVFjdf3sa98hwvt","access_key":"E1vNI4B4EhHu2jBK4tN2idWGgfYdVF","bucket":"yuanludaheng","endpoint":"oss-cn-beijing.aliyuncs.com","cdnDomain":"","ssl":true,"isCName":false,"debug":true} 
[2019-12-20 14:36:43] local.DEBUG: OSS config: {"driver":"oss","access_id":"LTAI4FxBLjVFjdf3sa98hwvt","access_key":"E1vNI4B4EhHu2jBK4tN2idWGgfYdVF","bucket":"yuanludaheng","endpoint":"oss-cn-beijing.aliyuncs.com","cdnDomain":"","ssl":true,"isCName":false,"debug":true} 
[2019-12-20 14:36:44] local.DEBUG: OSS config: {"driver":"oss","access_id":"LTAI4FxBLjVFjdf3sa98hwvt","access_key":"E1vNI4B4EhHu2jBK4tN2idWGgfYdVF","bucket":"yuanludaheng","endpoint":"oss-cn-beijing.aliyuncs.com","cdnDomain":"","ssl":true,"isCName":false,"debug":true} 
[2019-12-20 14:42:41] local.DEBUG: OSS config: {"driver":"oss","access_id":"LTAI4FxBLjVFjdf3sa98hwvt","access_key":"E1vNI4B4EhHu2jBK4tN2idWGgfYdVF","bucket":"yuanludaheng","endpoint":"oss-cn-beijing.aliyuncs.com","cdnDomain":"","ssl":true,"isCName":false,"debug":true} 
[2019-12-20 14:42:41] local.DEBUG: OSS config: {"driver":"oss","access_id":"LTAI4FxBLjVFjdf3sa98hwvt","access_key":"E1vNI4B4EhHu2jBK4tN2idWGgfYdVF","bucket":"yuanludaheng","endpoint":"oss-cn-beijing.aliyuncs.com","cdnDomain":"","ssl":true,"isCName":false,"debug":true} 
[2019-12-20 14:43:37] local.DEBUG: OSS config: {"driver":"oss","access_id":"LTAI4FxBLjVFjdf3sa98hwvt","access_key":"E1vNI4B4EhHu2jBK4tN2idWGgfYdVF","bucket":"yuanludaheng","endpoint":"oss-cn-beijing.aliyuncs.com","cdnDomain":"","ssl":true,"isCName":false,"debug":true} 
[2019-12-20 14:43:37] local.DEBUG: OSS config: {"driver":"oss","access_id":"LTAI4FxBLjVFjdf3sa98hwvt","access_key":"E1vNI4B4EhHu2jBK4tN2idWGgfYdVF","bucket":"yuanludaheng","endpoint":"oss-cn-beijing.aliyuncs.com","cdnDomain":"","ssl":true,"isCName":false,"debug":true} 
[2019-12-20 14:43:56] local.DEBUG: OSS config: {"driver":"oss","access_id":"LTAI4FxBLjVFjdf3sa98hwvt","access_key":"E1vNI4B4EhHu2jBK4tN2idWGgfYdVF","bucket":"yuanludaheng","endpoint":"oss-cn-beijing.aliyuncs.com","cdnDomain":"","ssl":true,"isCName":false,"debug":true} 
[2019-12-20 14:44:13] local.DEBUG: OSS config: {"driver":"oss","access_id":"LTAI4FxBLjVFjdf3sa98hwvt","access_key":"E1vNI4B4EhHu2jBK4tN2idWGgfYdVF","bucket":"yuanludaheng","endpoint":"oss-cn-beijing.aliyuncs.com","cdnDomain":"","ssl":true,"isCName":false,"debug":true} 
[2019-12-20 14:44:14] local.DEBUG: OSS config: {"driver":"oss","access_id":"LTAI4FxBLjVFjdf3sa98hwvt","access_key":"E1vNI4B4EhHu2jBK4tN2idWGgfYdVF","bucket":"yuanludaheng","endpoint":"oss-cn-beijing.aliyuncs.com","cdnDomain":"","ssl":true,"isCName":false,"debug":true} 
[2019-12-20 14:44:48] local.DEBUG: OSS config: {"driver":"oss","access_id":"LTAI4FxBLjVFjdf3sa98hwvt","access_key":"E1vNI4B4EhHu2jBK4tN2idWGgfYdVF","bucket":"yuanludaheng","endpoint":"oss-cn-beijing.aliyuncs.com","cdnDomain":"","ssl":true,"isCName":false,"debug":true} 
[2019-12-20 14:44:49] local.DEBUG: OSS config: {"driver":"oss","access_id":"LTAI4FxBLjVFjdf3sa98hwvt","access_key":"E1vNI4B4EhHu2jBK4tN2idWGgfYdVF","bucket":"yuanludaheng","endpoint":"oss-cn-beijing.aliyuncs.com","cdnDomain":"","ssl":true,"isCName":false,"debug":true} 
[2019-12-20 14:45:37] local.ERROR: Method Illuminate\Validation\Validator::validateMax=500 does not exist. {"userId":8,"exception":"[object] (BadMethodCallException(code: 0): Method Illuminate\\Validation\\Validator::validateMax=500 does not exist. at /var/www/wwwroot/daheng/vendor/laravel/framework/src/Illuminate/Validation/Validator.php:1187)
[stacktrace]
#0 /var/www/wwwroot/daheng/vendor/laravel/framework/src/Illuminate/Validation/Validator.php(398): Illuminate\\Validation\\Validator->__call('validateMax=500', Array)
#1 /var/www/wwwroot/daheng/vendor/laravel/framework/src/Illuminate/Validation/Validator.php(277): Illuminate\\Validation\\Validator->validateAttribute('content', 'Max=500')
#2 /var/www/wwwroot/daheng/vendor/laravel/framework/src/Illuminate/Validation/Validator.php(302): Illuminate\\Validation\\Validator->passes()
#3 /var/www/wwwroot/daheng/vendor/laravel/framework/src/Illuminate/Validation/Validator.php(314): Illuminate\\Validation\\Validator->fails()
#4 /var/www/wwwroot/daheng/vendor/laravel/framework/src/Illuminate/Foundation/Validation/ValidatesRequests.php(47): Illuminate\\Validation\\Validator->validate()
#5 /var/www/wwwroot/daheng/app/Http/Controllers/UserController.php(36): App\\Http\\Controllers\\Controller->validate(Object(Illuminate\\Http\\Request), Array)
#6 [internal function]: App\\Http\\Controllers\\UserController->feedback(Object(Illuminate\\Http\\Request))
#7 /var/www/wwwroot/daheng/vendor/laravel/framework/src/Illuminate/Routing/Controller.php(54): call_user_func_array(Array, Array)
#8 /var/www/wwwroot/daheng/vendor/laravel/framework/src/Illuminate/Routing/ControllerDispatcher.php(45): Illuminate\\Routing\\Controller->callAction('feedback', Array)
#9 /var/www/wwwroot/daheng/vendor/laravel/framework/src/Illuminate/Routing/Route.php(219): Illuminate\\Routing\\ControllerDispatcher->dispatch(Object(Illuminate\\Routing\\Route), Object(App\\Http\\Controllers\\UserController), 'feedback')
#10 /var/www/wwwroot/daheng/vendor/laravel/framework/src/Illuminate/Routing/Route.php(176): Illuminate\\Routing\\Route->runController()
#11 /var/www/wwwroot/daheng/vendor/laravel/framework/src/Illuminate/Routing/Router.php(680): Illuminate\\Routing\\Route->run()
#12 /var/www/wwwroot/daheng/vendor/laravel/framework/src/Illuminate/Routing/Pipeline.php(30): Illuminate\\Routing\\Router->Illuminate\\Routing\\{closure}(Object(Illuminate\\Http\\Request))
#13 /var/www/wwwroot/daheng/vendor/laravel/framework/src/Illuminate/Routing/Middleware/SubstituteBindings.php(41): Illuminate\\Routing\\Pipeline->Illuminate\\Routing\\{closure}(Object(Illuminate\\Http\\Request))
#14 /var/www/wwwroot/daheng/vendor/laravel/framework/src/Illuminate/Pipeline/Pipeline.php(163): Illuminate\\Routing\\Middleware\\SubstituteBindings->handle(Object(Illuminate\\Http\\Request), Object(Closure))
#15 /var/www/wwwroot/daheng/vendor/laravel/framework/src/Illuminate/Routing/Pipeline.php(53): Illuminate\\Pipeline\\Pipeline->Illuminate\\Pipeline\\{closure}(Object(Illuminate\\Http\\Request))
#16 /var/www/wwwroot/daheng/vendor/laravel/framework/src/Illuminate/Auth/Middleware/Authenticate.php(43): Illuminate\\Routing\\Pipeline->Illuminate\\Routing\\{closure}(Object(Illuminate\\Http\\Request))
#17 /var/www/wwwroot/daheng/vendor/laravel/framework/src/Illuminate/Pipeline/Pipeline.php(163): Illuminate\\Auth\\Middleware\\Authenticate->handle(Object(Illuminate\\Http\\Request), Object(Closure), 'api')
#18 /var/www/wwwroot/daheng/vendor/laravel/framework/src/Illuminate/Routing/Pipeline.php(53): Illuminate\\Pipeline\\Pipeline->Illuminate\\Pipeline\\{closure}(Object(Illuminate\\Http\\Request))
#19 /var/www/wwwroot/daheng/vendor/laravel/framework/src/Illuminate/Routing/Middleware/ThrottleRequests.php(58): Illuminate\\Routing\\Pipeline->Illuminate\\Routing\\{closure}(Object(Illuminate\\Http\\Request))
#20 /var/www/wwwroot/daheng/vendor/laravel/framework/src/Illuminate/Pipeline/Pipeline.php(163): Illuminate\\Routing\\Middleware\\ThrottleRequests->handle(Object(Illuminate\\Http\\Request), Object(Closure), 60, '1')
#21 /var/www/wwwroot/daheng/vendor/laravel/framework/src/Illuminate/Routing/Pipeline.php(53): Illuminate\\Pipeline\\Pipeline->Illuminate\\Pipeline\\{closure}(Object(Illuminate\\Http\\Request))
#22 /var/www/wwwroot/daheng/vendor/laravel/framework/src/Illuminate/Pipeline/Pipeline.php(104): Illuminate\\Routing\\Pipeline->Illuminate\\Routing\\{closure}(Object(Illuminate\\Http\\Request))
#23 /var/www/wwwroot/daheng/vendor/laravel/framework/src/Illuminate/Routing/Router.php(682): Illuminate\\Pipeline\\Pipeline->then(Object(Closure))
#24 /var/www/wwwroot/daheng/vendor/laravel/framework/src/Illuminate/Routing/Router.php(657): Illuminate\\Routing\\Router->runRouteWithinStack(Object(Illuminate\\Routing\\Route), Object(Illuminate\\Http\\Request))
#25 /var/www/wwwroot/daheng/vendor/laravel/framework/src/Illuminate/Routing/Router.php(623): Illuminate\\Routing\\Router->runRoute(Object(Illuminate\\Http\\Request), Object(Illuminate\\Routing\\Route))
#26 /var/www/wwwroot/daheng/vendor/laravel/framework/src/Illuminate/Routing/Router.php(612): Illuminate\\Routing\\Router->dispatchToRoute(Object(Illuminate\\Http\\Request))
#27 /var/www/wwwroot/daheng/vendor/laravel/framework/src/Illuminate/Foundation/Http/Kernel.php(176): Illuminate\\Routing\\Router->dispatch(Object(Illuminate\\Http\\Request))
#28 /var/www/wwwroot/daheng/vendor/laravel/framework/src/Illuminate/Routing/Pipeline.php(30): Illuminate\\Foundation\\Http\\Kernel->Illuminate\\Foundation\\Http\\{closure}(Object(Illuminate\\Http\\Request))
#29 /var/www/wwwroot/daheng/vendor/laravel/framework/src/Illuminate/Foundation/Http/Middleware/TransformsRequest.php(21): Illuminate\\Routing\\Pipeline->Illuminate\\Routing\\{closure}(Object(Illuminate\\Http\\Request))
#30 /var/www/wwwroot/daheng/vendor/laravel/framework/src/Illuminate/Pipeline/Pipeline.php(163): Illuminate\\Foundation\\Http\\Middleware\\TransformsRequest->handle(Object(Illuminate\\Http\\Request), Object(Closure))
#31 /var/www/wwwroot/daheng/vendor/laravel/framework/src/Illuminate/Routing/Pipeline.php(53): Illuminate\\Pipeline\\Pipeline->Illuminate\\Pipeline\\{closure}(Object(Illuminate\\Http\\Request))
#32 /var/www/wwwroot/daheng/vendor/laravel/framework/src/Illuminate/Foundation/Http/Middleware/TransformsRequest.php(21): Illuminate\\Routing\\Pipeline->Illuminate\\Routing\\{closure}(Object(Illuminate\\Http\\Request))
#33 /var/www/wwwroot/daheng/vendor/laravel/framework/src/Illuminate/Pipeline/Pipeline.php(163): Illuminate\\Foundation\\Http\\Middleware\\TransformsRequest->handle(Object(Illuminate\\Http\\Request), Object(Closure))
#34 /var/www/wwwroot/daheng/vendor/laravel/framework/src/Illuminate/Routing/Pipeline.php(53): Illuminate\\Pipeline\\Pipeline->Illuminate\\Pipeline\\{closure}(Object(Illuminate\\Http\\Request))
#35 /var/www/wwwroot/daheng/vendor/laravel/framework/src/Illuminate/Foundation/Http/Middleware/ValidatePostSize.php(27): Illuminate\\Routing\\Pipeline->Illuminate\\Routing\\{closure}(Object(Illuminate\\Http\\Request))
#36 /var/www/wwwroot/daheng/vendor/laravel/framework/src/Illuminate/Pipeline/Pipeline.php(163): Illuminate\\Foundation\\Http\\Middleware\\ValidatePostSize->handle(Object(Illuminate\\Http\\Request), Object(Closure))
#37 /var/www/wwwroot/daheng/vendor/laravel/framework/src/Illuminate/Routing/Pipeline.php(53): Illuminate\\Pipeline\\Pipeline->Illuminate\\Pipeline\\{closure}(Object(Illuminate\\Http\\Request))
#38 /var/www/wwwroot/daheng/vendor/laravel/framework/src/Illuminate/Foundation/Http/Middleware/CheckForMaintenanceMode.php(62): Illuminate\\Routing\\Pipeline->Illuminate\\Routing\\{closure}(Object(Illuminate\\Http\\Request))
#39 /var/www/wwwroot/daheng/vendor/laravel/framework/src/Illuminate/Pipeline/Pipeline.php(163): Illuminate\\Foundation\\Http\\Middleware\\CheckForMaintenanceMode->handle(Object(Illuminate\\Http\\Request), Object(Closure))
#40 /var/www/wwwroot/daheng/vendor/laravel/framework/src/Illuminate/Routing/Pipeline.php(53): Illuminate\\Pipeline\\Pipeline->Illuminate\\Pipeline\\{closure}(Object(Illuminate\\Http\\Request))
#41 /var/www/wwwroot/daheng/vendor/fideloper/proxy/src/TrustProxies.php(57): Illuminate\\Routing\\Pipeline->Illuminate\\Routing\\{closure}(Object(Illuminate\\Http\\Request))
#42 /var/www/wwwroot/daheng/vendor/laravel/framework/src/Illuminate/Pipeline/Pipeline.php(163): Fideloper\\Proxy\\TrustProxies->handle(Object(Illuminate\\Http\\Request), Object(Closure))
#43 /var/www/wwwroot/daheng/vendor/laravel/framework/src/Illuminate/Routing/Pipeline.php(53): Illuminate\\Pipeline\\Pipeline->Illuminate\\Pipeline\\{closure}(Object(Illuminate\\Http\\Request))
#44 /var/www/wwwroot/daheng/vendor/laravel/framework/src/Illuminate/Pipeline/Pipeline.php(104): Illuminate\\Routing\\Pipeline->Illuminate\\Routing\\{closure}(Object(Illuminate\\Http\\Request))
#45 /var/www/wwwroot/daheng/vendor/laravel/framework/src/Illuminate/Foundation/Http/Kernel.php(151): Illuminate\\Pipeline\\Pipeline->then(Object(Closure))
#46 /var/www/wwwroot/daheng/vendor/laravel/framework/src/Illuminate/Foundation/Http/Kernel.php(116): Illuminate\\Foundation\\Http\\Kernel->sendRequestThroughRouter(Object(Illuminate\\Http\\Request))
#47 /var/www/wwwroot/daheng/public/index.php(55): Illuminate\\Foundation\\Http\\Kernel->handle(Object(Illuminate\\Http\\Request))
#48 {main}
"} 
[2019-12-20 14:46:10] local.ERROR: SQLSTATE[42S02]: Base table or view not found: 1146 Table 'daheng.feedback' doesn't exist (SQL: insert into `feedback` (`user_id`, `type`, `content`, `phone`, `updated_at`, `created_at`) values (8, 客户服务, 123, 17600296638, 2019-12-20 14:46:10, 2019-12-20 14:46:10)) {"userId":8,"exception":"[object] (Illuminate\\Database\\QueryException(code: 42S02): SQLSTATE[42S02]: Base table or view not found: 1146 Table 'daheng.feedback' doesn't exist (SQL: insert into `feedback` (`user_id`, `type`, `content`, `phone`, `updated_at`, `created_at`) values (8, 客户服务, 123, 17600296638, 2019-12-20 14:46:10, 2019-12-20 14:46:10)) at /var/www/wwwroot/daheng/vendor/laravel/framework/src/Illuminate/Database/Connection.php:664, Doctrine\\DBAL\\Driver\\PDOException(code: 42S02): SQLSTATE[42S02]: Base table or view not found: 1146 Table 'daheng.feedback' doesn't exist at /var/www/wwwroot/daheng/vendor/doctrine/dbal/lib/Doctrine/DBAL/Driver/PDOConnection.php:63, PDOException(code: 42S02): SQLSTATE[42S02]: Base table or view not found: 1146 Table 'daheng.feedback' doesn't exist at /var/www/wwwroot/daheng/vendor/doctrine/dbal/lib/Doctrine/DBAL/Driver/PDOConnection.php:61)
[stacktrace]
#0 /var/www/wwwroot/daheng/vendor/laravel/framework/src/Illuminate/Database/Connection.php(624): Illuminate\\Database\\Connection->runQueryCallback('insert into `fe...', Array, Object(Closure))
#1 /var/www/wwwroot/daheng/vendor/laravel/framework/src/Illuminate/Database/Connection.php(459): Illuminate\\Database\\Connection->run('insert into `fe...', Array, Object(Closure))
#2 /var/www/wwwroot/daheng/vendor/laravel/framework/src/Illuminate/Database/Connection.php(411): Illuminate\\Database\\Connection->statement('insert into `fe...', Array)
#3 /var/www/wwwroot/daheng/vendor/laravel/framework/src/Illuminate/Database/Query/Processors/Processor.php(32): Illuminate\\Database\\Connection->insert('insert into `fe...', Array)
#4 /var/www/wwwroot/daheng/vendor/laravel/framework/src/Illuminate/Database/Query/Builder.php(2690): Illuminate\\Database\\Query\\Processors\\Processor->processInsertGetId(Object(Illuminate\\Database\\Query\\Builder), 'insert into `fe...', Array, 'id')
#5 /var/www/wwwroot/daheng/vendor/laravel/framework/src/Illuminate/Database/Eloquent/Builder.php(1353): Illuminate\\Database\\Query\\Builder->insertGetId(Array, 'id')
#6 /var/www/wwwroot/daheng/vendor/laravel/framework/src/Illuminate/Database/Eloquent/Model.php(839): Illuminate\\Database\\Eloquent\\Builder->__call('insertGetId', Array)
#7 /var/www/wwwroot/daheng/vendor/laravel/framework/src/Illuminate/Database/Eloquent/Model.php(804): Illuminate\\Database\\Eloquent\\Model->insertAndSetId(Object(Illuminate\\Database\\Eloquent\\Builder), Array)
#8 /var/www/wwwroot/daheng/vendor/laravel/framework/src/Illuminate/Database/Eloquent/Model.php(667): Illuminate\\Database\\Eloquent\\Model->performInsert(Object(Illuminate\\Database\\Eloquent\\Builder))
#9 /var/www/wwwroot/daheng/app/Services/UserService.php(18): Illuminate\\Database\\Eloquent\\Model->save()
#10 /var/www/wwwroot/daheng/app/Http/Controllers/UserController.php(41): App\\Services\\UserService->feedback(Object(Illuminate\\Http\\Request))
#11 [internal function]: App\\Http\\Controllers\\UserController->feedback(Object(Illuminate\\Http\\Request))
#12 /var/www/wwwroot/daheng/vendor/laravel/framework/src/Illuminate/Routing/Controller.php(54): call_user_func_array(Array, Array)
#13 /var/www/wwwroot/daheng/vendor/laravel/framework/src/Illuminate/Routing/ControllerDispatcher.php(45): Illuminate\\Routing\\Controller->callAction('feedback', Array)
#14 /var/www/wwwroot/daheng/vendor/laravel/framework/src/Illuminate/Routing/Route.php(219): Illuminate\\Routing\\ControllerDispatcher->dispatch(Object(Illuminate\\Routing\\Route), Object(App\\Http\\Controllers\\UserController), 'feedback')
#15 /var/www/wwwroot/daheng/vendor/laravel/framework/src/Illuminate/Routing/Route.php(176): Illuminate\\Routing\\Route->runController()
#16 /var/www/wwwroot/daheng/vendor/laravel/framework/src/Illuminate/Routing/Router.php(680): Illuminate\\Routing\\Route->run()
#17 /var/www/wwwroot/daheng/vendor/laravel/framework/src/Illuminate/Routing/Pipeline.php(30): Illuminate\\Routing\\Router->Illuminate\\Routing\\{closure}(Object(Illuminate\\Http\\Request))
#18 /var/www/wwwroot/daheng/vendor/laravel/framework/src/Illuminate/Routing/Middleware/SubstituteBindings.php(41): Illuminate\\Routing\\Pipeline->Illuminate\\Routing\\{closure}(Object(Illuminate\\Http\\Request))
#19 /var/www/wwwroot/daheng/vendor/laravel/framework/src/Illuminate/Pipeline/Pipeline.php(163): Illuminate\\Routing\\Middleware\\SubstituteBindings->handle(Object(Illuminate\\Http\\Request), Object(Closure))
#20 /var/www/wwwroot/daheng/vendor/laravel/framework/src/Illuminate/Routing/Pipeline.php(53): Illuminate\\Pipeline\\Pipeline->Illuminate\\Pipeline\\{closure}(Object(Illuminate\\Http\\Request))
#21 /var/www/wwwroot/daheng/vendor/laravel/framework/src/Illuminate/Auth/Middleware/Authenticate.php(43): Illuminate\\Routing\\Pipeline->Illuminate\\Routing\\{closure}(Object(Illuminate\\Http\\Request))
#22 /var/www/wwwroot/daheng/vendor/laravel/framework/src/Illuminate/Pipeline/Pipeline.php(163): Illuminate\\Auth\\Middleware\\Authenticate->handle(Object(Illuminate\\Http\\Request), Object(Closure), 'api')
#23 /var/www/wwwroot/daheng/vendor/laravel/framework/src/Illuminate/Routing/Pipeline.php(53): Illuminate\\Pipeline\\Pipeline->Illuminate\\Pipeline\\{closure}(Object(Illuminate\\Http\\Request))
#24 /var/www/wwwroot/daheng/vendor/laravel/framework/src/Illuminate/Routing/Middleware/ThrottleRequests.php(58): Illuminate\\Routing\\Pipeline->Illuminate\\Routing\\{closure}(Object(Illuminate\\Http\\Request))
#25 /var/www/wwwroot/daheng/vendor/laravel/framework/src/Illuminate/Pipeline/Pipeline.php(163): Illuminate\\Routing\\Middleware\\ThrottleRequests->handle(Object(Illuminate\\Http\\Request), Object(Closure), 60, '1')
#26 /var/www/wwwroot/daheng/vendor/laravel/framework/src/Illuminate/Routing/Pipeline.php(53): Illuminate\\Pipeline\\Pipeline->Illuminate\\Pipeline\\{closure}(Object(Illuminate\\Http\\Request))
#27 /var/www/wwwroot/daheng/vendor/laravel/framework/src/Illuminate/Pipeline/Pipeline.php(104): Illuminate\\Routing\\Pipeline->Illuminate\\Routing\\{closure}(Object(Illuminate\\Http\\Request))
#28 /var/www/wwwroot/daheng/vendor/laravel/framework/src/Illuminate/Routing/Router.php(682): Illuminate\\Pipeline\\Pipeline->then(Object(Closure))
#29 /var/www/wwwroot/daheng/vendor/laravel/framework/src/Illuminate/Routing/Router.php(657): Illuminate\\Routing\\Router->runRouteWithinStack(Object(Illuminate\\Routing\\Route), Object(Illuminate\\Http\\Request))
#30 /var/www/wwwroot/daheng/vendor/laravel/framework/src/Illuminate/Routing/Router.php(623): Illuminate\\Routing\\Router->runRoute(Object(Illuminate\\Http\\Request), Object(Illuminate\\Routing\\Route))
#31 /var/www/wwwroot/daheng/vendor/laravel/framework/src/Illuminate/Routing/Router.php(612): Illuminate\\Routing\\Router->dispatchToRoute(Object(Illuminate\\Http\\Request))
#32 /var/www/wwwroot/daheng/vendor/laravel/framework/src/Illuminate/Foundation/Http/Kernel.php(176): Illuminate\\Routing\\Router->dispatch(Object(Illuminate\\Http\\Request))
#33 /var/www/wwwroot/daheng/vendor/laravel/framework/src/Illuminate/Routing/Pipeline.php(30): Illuminate\\Foundation\\Http\\Kernel->Illuminate\\Foundation\\Http\\{closure}(Object(Illuminate\\Http\\Request))
#34 /var/www/wwwroot/daheng/vendor/laravel/framework/src/Illuminate/Foundation/Http/Middleware/TransformsRequest.php(21): Illuminate\\Routing\\Pipeline->Illuminate\\Routing\\{closure}(Object(Illuminate\\Http\\Request))
#35 /var/www/wwwroot/daheng/vendor/laravel/framework/src/Illuminate/Pipeline/Pipeline.php(163): Illuminate\\Foundation\\Http\\Middleware\\TransformsRequest->handle(Object(Illuminate\\Http\\Request), Object(Closure))
#36 /var/www/wwwroot/daheng/vendor/laravel/framework/src/Illuminate/Routing/Pipeline.php(53): Illuminate\\Pipeline\\Pipeline->Illuminate\\Pipeline\\{closure}(Object(Illuminate\\Http\\Request))
#37 /var/www/wwwroot/daheng/vendor/laravel/framework/src/Illuminate/Foundation/Http/Middleware/TransformsRequest.php(21): Illuminate\\Routing\\Pipeline->Illuminate\\Routing\\{closure}(Object(Illuminate\\Http\\Request))
#38 /var/www/wwwroot/daheng/vendor/laravel/framework/src/Illuminate/Pipeline/Pipeline.php(163): Illuminate\\Foundation\\Http\\Middleware\\TransformsRequest->handle(Object(Illuminate\\Http\\Request), Object(Closure))
#39 /var/www/wwwroot/daheng/vendor/laravel/framework/src/Illuminate/Routing/Pipeline.php(53): Illuminate\\Pipeline\\Pipeline->Illuminate\\Pipeline\\{closure}(Object(Illuminate\\Http\\Request))
#40 /var/www/wwwroot/daheng/vendor/laravel/framework/src/Illuminate/Foundation/Http/Middleware/ValidatePostSize.php(27): Illuminate\\Routing\\Pipeline->Illuminate\\Routing\\{closure}(Object(Illuminate\\Http\\Request))
#41 /var/www/wwwroot/daheng/vendor/laravel/framework/src/Illuminate/Pipeline/Pipeline.php(163): Illuminate\\Foundation\\Http\\Middleware\\ValidatePostSize->handle(Object(Illuminate\\Http\\Request), Object(Closure))
#42 /var/www/wwwroot/daheng/vendor/laravel/framework/src/Illuminate/Routing/Pipeline.php(53): Illuminate\\Pipeline\\Pipeline->Illuminate\\Pipeline\\{closure}(Object(Illuminate\\Http\\Request))
#43 /var/www/wwwroot/daheng/vendor/laravel/framework/src/Illuminate/Foundation/Http/Middleware/CheckForMaintenanceMode.php(62): Illuminate\\Routing\\Pipeline->Illuminate\\Routing\\{closure}(Object(Illuminate\\Http\\Request))
#44 /var/www/wwwroot/daheng/vendor/laravel/framework/src/Illuminate/Pipeline/Pipeline.php(163): Illuminate\\Foundation\\Http\\Middleware\\CheckForMaintenanceMode->handle(Object(Illuminate\\Http\\Request), Object(Closure))
#45 /var/www/wwwroot/daheng/vendor/laravel/framework/src/Illuminate/Routing/Pipeline.php(53): Illuminate\\Pipeline\\Pipeline->Illuminate\\Pipeline\\{closure}(Object(Illuminate\\Http\\Request))
#46 /var/www/wwwroot/daheng/vendor/fideloper/proxy/src/TrustProxies.php(57): Illuminate\\Routing\\Pipeline->Illuminate\\Routing\\{closure}(Object(Illuminate\\Http\\Request))
#47 /var/www/wwwroot/daheng/vendor/laravel/framework/src/Illuminate/Pipeline/Pipeline.php(163): Fideloper\\Proxy\\TrustProxies->handle(Object(Illuminate\\Http\\Request), Object(Closure))
#48 /var/www/wwwroot/daheng/vendor/laravel/framework/src/Illuminate/Routing/Pipeline.php(53): Illuminate\\Pipeline\\Pipeline->Illuminate\\Pipeline\\{closure}(Object(Illuminate\\Http\\Request))
#49 /var/www/wwwroot/daheng/vendor/laravel/framework/src/Illuminate/Pipeline/Pipeline.php(104): Illuminate\\Routing\\Pipeline->Illuminate\\Routing\\{closure}(Object(Illuminate\\Http\\Request))
#50 /var/www/wwwroot/daheng/vendor/laravel/framework/src/Illuminate/Foundation/Http/Kernel.php(151): Illuminate\\Pipeline\\Pipeline->then(Object(Closure))
#51 /var/www/wwwroot/daheng/vendor/laravel/framework/src/Illuminate/Foundation/Http/Kernel.php(116): Illuminate\\Foundation\\Http\\Kernel->sendRequestThroughRouter(Object(Illuminate\\Http\\Request))
#52 /var/www/wwwroot/daheng/public/index.php(55): Illuminate\\Foundation\\Http\\Kernel->handle(Object(Illuminate\\Http\\Request))
#53 {main}
"} 
[2019-12-20 14:47:22] local.ERROR: SQLSTATE[42S02]: Base table or view not found: 1146 Table 'daheng.feedback' doesn't exist (SQL: insert into `feedback` (`user_id`, `type`, `content`, `phone`, `updated_at`, `created_at`) values (8, 客户服务, 123, 17600296638, 2019-12-20 14:47:22, 2019-12-20 14:47:22)) {"userId":8,"exception":"[object] (Illuminate\\Database\\QueryException(code: 42S02): SQLSTATE[42S02]: Base table or view not found: 1146 Table 'daheng.feedback' doesn't exist (SQL: insert into `feedback` (`user_id`, `type`, `content`, `phone`, `updated_at`, `created_at`) values (8, 客户服务, 123, 17600296638, 2019-12-20 14:47:22, 2019-12-20 14:47:22)) at /var/www/wwwroot/daheng/vendor/laravel/framework/src/Illuminate/Database/Connection.php:664, Doctrine\\DBAL\\Driver\\PDOException(code: 42S02): SQLSTATE[42S02]: Base table or view not found: 1146 Table 'daheng.feedback' doesn't exist at /var/www/wwwroot/daheng/vendor/doctrine/dbal/lib/Doctrine/DBAL/Driver/PDOConnection.php:63, PDOException(code: 42S02): SQLSTATE[42S02]: Base table or view not found: 1146 Table 'daheng.feedback' doesn't exist at /var/www/wwwroot/daheng/vendor/doctrine/dbal/lib/Doctrine/DBAL/Driver/PDOConnection.php:61)
[stacktrace]
#0 /var/www/wwwroot/daheng/vendor/laravel/framework/src/Illuminate/Database/Connection.php(624): Illuminate\\Database\\Connection->runQueryCallback('insert into `fe...', Array, Object(Closure))
#1 /var/www/wwwroot/daheng/vendor/laravel/framework/src/Illuminate/Database/Connection.php(459): Illuminate\\Database\\Connection->run('insert into `fe...', Array, Object(Closure))
#2 /var/www/wwwroot/daheng/vendor/laravel/framework/src/Illuminate/Database/Connection.php(411): Illuminate\\Database\\Connection->statement('insert into `fe...', Array)
#3 /var/www/wwwroot/daheng/vendor/laravel/framework/src/Illuminate/Database/Query/Processors/Processor.php(32): Illuminate\\Database\\Connection->insert('insert into `fe...', Array)
#4 /var/www/wwwroot/daheng/vendor/laravel/framework/src/Illuminate/Database/Query/Builder.php(2690): Illuminate\\Database\\Query\\Processors\\Processor->processInsertGetId(Object(Illuminate\\Database\\Query\\Builder), 'insert into `fe...', Array, 'id')
#5 /var/www/wwwroot/daheng/vendor/laravel/framework/src/Illuminate/Database/Eloquent/Builder.php(1353): Illuminate\\Database\\Query\\Builder->insertGetId(Array, 'id')
#6 /var/www/wwwroot/daheng/vendor/laravel/framework/src/Illuminate/Database/Eloquent/Model.php(839): Illuminate\\Database\\Eloquent\\Builder->__call('insertGetId', Array)
#7 /var/www/wwwroot/daheng/vendor/laravel/framework/src/Illuminate/Database/Eloquent/Model.php(804): Illuminate\\Database\\Eloquent\\Model->insertAndSetId(Object(Illuminate\\Database\\Eloquent\\Builder), Array)
#8 /var/www/wwwroot/daheng/vendor/laravel/framework/src/Illuminate/Database/Eloquent/Model.php(667): Illuminate\\Database\\Eloquent\\Model->performInsert(Object(Illuminate\\Database\\Eloquent\\Builder))
#9 /var/www/wwwroot/daheng/app/Services/UserService.php(18): Illuminate\\Database\\Eloquent\\Model->save()
#10 /var/www/wwwroot/daheng/app/Http/Controllers/UserController.php(41): App\\Services\\UserService->feedback(Object(Illuminate\\Http\\Request))
#11 [internal function]: App\\Http\\Controllers\\UserController->feedback(Object(Illuminate\\Http\\Request))
#12 /var/www/wwwroot/daheng/vendor/laravel/framework/src/Illuminate/Routing/Controller.php(54): call_user_func_array(Array, Array)
#13 /var/www/wwwroot/daheng/vendor/laravel/framework/src/Illuminate/Routing/ControllerDispatcher.php(45): Illuminate\\Routing\\Controller->callAction('feedback', Array)
#14 /var/www/wwwroot/daheng/vendor/laravel/framework/src/Illuminate/Routing/Route.php(219): Illuminate\\Routing\\ControllerDispatcher->dispatch(Object(Illuminate\\Routing\\Route), Object(App\\Http\\Controllers\\UserController), 'feedback')
#15 /var/www/wwwroot/daheng/vendor/laravel/framework/src/Illuminate/Routing/Route.php(176): Illuminate\\Routing\\Route->runController()
#16 /var/www/wwwroot/daheng/vendor/laravel/framework/src/Illuminate/Routing/Router.php(680): Illuminate\\Routing\\Route->run()
#17 /var/www/wwwroot/daheng/vendor/laravel/framework/src/Illuminate/Routing/Pipeline.php(30): Illuminate\\Routing\\Router->Illuminate\\Routing\\{closure}(Object(Illuminate\\Http\\Request))
#18 /var/www/wwwroot/daheng/vendor/laravel/framework/src/Illuminate/Routing/Middleware/SubstituteBindings.php(41): Illuminate\\Routing\\Pipeline->Illuminate\\Routing\\{closure}(Object(Illuminate\\Http\\Request))
#19 /var/www/wwwroot/daheng/vendor/laravel/framework/src/Illuminate/Pipeline/Pipeline.php(163): Illuminate\\Routing\\Middleware\\SubstituteBindings->handle(Object(Illuminate\\Http\\Request), Object(Closure))
#20 /var/www/wwwroot/daheng/vendor/laravel/framework/src/Illuminate/Routing/Pipeline.php(53): Illuminate\\Pipeline\\Pipeline->Illuminate\\Pipeline\\{closure}(Object(Illuminate\\Http\\Request))
#21 /var/www/wwwroot/daheng/vendor/laravel/framework/src/Illuminate/Auth/Middleware/Authenticate.php(43): Illuminate\\Routing\\Pipeline->Illuminate\\Routing\\{closure}(Object(Illuminate\\Http\\Request))
#22 /var/www/wwwroot/daheng/vendor/laravel/framework/src/Illuminate/Pipeline/Pipeline.php(163): Illuminate\\Auth\\Middleware\\Authenticate->handle(Object(Illuminate\\Http\\Request), Object(Closure), 'api')
#23 /var/www/wwwroot/daheng/vendor/laravel/framework/src/Illuminate/Routing/Pipeline.php(53): Illuminate\\Pipeline\\Pipeline->Illuminate\\Pipeline\\{closure}(Object(Illuminate\\Http\\Request))
#24 /var/www/wwwroot/daheng/vendor/laravel/framework/src/Illuminate/Routing/Middleware/ThrottleRequests.php(58): Illuminate\\Routing\\Pipeline->Illuminate\\Routing\\{closure}(Object(Illuminate\\Http\\Request))
#25 /var/www/wwwroot/daheng/vendor/laravel/framework/src/Illuminate/Pipeline/Pipeline.php(163): Illuminate\\Routing\\Middleware\\ThrottleRequests->handle(Object(Illuminate\\Http\\Request), Object(Closure), 60, '1')
#26 /var/www/wwwroot/daheng/vendor/laravel/framework/src/Illuminate/Routing/Pipeline.php(53): Illuminate\\Pipeline\\Pipeline->Illuminate\\Pipeline\\{closure}(Object(Illuminate\\Http\\Request))
#27 /var/www/wwwroot/daheng/vendor/laravel/framework/src/Illuminate/Pipeline/Pipeline.php(104): Illuminate\\Routing\\Pipeline->Illuminate\\Routing\\{closure}(Object(Illuminate\\Http\\Request))
#28 /var/www/wwwroot/daheng/vendor/laravel/framework/src/Illuminate/Routing/Router.php(682): Illuminate\\Pipeline\\Pipeline->then(Object(Closure))
#29 /var/www/wwwroot/daheng/vendor/laravel/framework/src/Illuminate/Routing/Router.php(657): Illuminate\\Routing\\Router->runRouteWithinStack(Object(Illuminate\\Routing\\Route), Object(Illuminate\\Http\\Request))
#30 /var/www/wwwroot/daheng/vendor/laravel/framework/src/Illuminate/Routing/Router.php(623): Illuminate\\Routing\\Router->runRoute(Object(Illuminate\\Http\\Request), Object(Illuminate\\Routing\\Route))
#31 /var/www/wwwroot/daheng/vendor/laravel/framework/src/Illuminate/Routing/Router.php(612): Illuminate\\Routing\\Router->dispatchToRoute(Object(Illuminate\\Http\\Request))
#32 /var/www/wwwroot/daheng/vendor/laravel/framework/src/Illuminate/Foundation/Http/Kernel.php(176): Illuminate\\Routing\\Router->dispatch(Object(Illuminate\\Http\\Request))
#33 /var/www/wwwroot/daheng/vendor/laravel/framework/src/Illuminate/Routing/Pipeline.php(30): Illuminate\\Foundation\\Http\\Kernel->Illuminate\\Foundation\\Http\\{closure}(Object(Illuminate\\Http\\Request))
#34 /var/www/wwwroot/daheng/vendor/laravel/framework/src/Illuminate/Foundation/Http/Middleware/TransformsRequest.php(21): Illuminate\\Routing\\Pipeline->Illuminate\\Routing\\{closure}(Object(Illuminate\\Http\\Request))
#35 /var/www/wwwroot/daheng/vendor/laravel/framework/src/Illuminate/Pipeline/Pipeline.php(163): Illuminate\\Foundation\\Http\\Middleware\\TransformsRequest->handle(Object(Illuminate\\Http\\Request), Object(Closure))
#36 /var/www/wwwroot/daheng/vendor/laravel/framework/src/Illuminate/Routing/Pipeline.php(53): Illuminate\\Pipeline\\Pipeline->Illuminate\\Pipeline\\{closure}(Object(Illuminate\\Http\\Request))
#37 /var/www/wwwroot/daheng/vendor/laravel/framework/src/Illuminate/Foundation/Http/Middleware/TransformsRequest.php(21): Illuminate\\Routing\\Pipeline->Illuminate\\Routing\\{closure}(Object(Illuminate\\Http\\Request))
#38 /var/www/wwwroot/daheng/vendor/laravel/framework/src/Illuminate/Pipeline/Pipeline.php(163): Illuminate\\Foundation\\Http\\Middleware\\TransformsRequest->handle(Object(Illuminate\\Http\\Request), Object(Closure))
#39 /var/www/wwwroot/daheng/vendor/laravel/framework/src/Illuminate/Routing/Pipeline.php(53): Illuminate\\Pipeline\\Pipeline->Illuminate\\Pipeline\\{closure}(Object(Illuminate\\Http\\Request))
#40 /var/www/wwwroot/daheng/vendor/laravel/framework/src/Illuminate/Foundation/Http/Middleware/ValidatePostSize.php(27): Illuminate\\Routing\\Pipeline->Illuminate\\Routing\\{closure}(Object(Illuminate\\Http\\Request))
#41 /var/www/wwwroot/daheng/vendor/laravel/framework/src/Illuminate/Pipeline/Pipeline.php(163): Illuminate\\Foundation\\Http\\Middleware\\ValidatePostSize->handle(Object(Illuminate\\Http\\Request), Object(Closure))
#42 /var/www/wwwroot/daheng/vendor/laravel/framework/src/Illuminate/Routing/Pipeline.php(53): Illuminate\\Pipeline\\Pipeline->Illuminate\\Pipeline\\{closure}(Object(Illuminate\\Http\\Request))
#43 /var/www/wwwroot/daheng/vendor/laravel/framework/src/Illuminate/Foundation/Http/Middleware/CheckForMaintenanceMode.php(62): Illuminate\\Routing\\Pipeline->Illuminate\\Routing\\{closure}(Object(Illuminate\\Http\\Request))
#44 /var/www/wwwroot/daheng/vendor/laravel/framework/src/Illuminate/Pipeline/Pipeline.php(163): Illuminate\\Foundation\\Http\\Middleware\\CheckForMaintenanceMode->handle(Object(Illuminate\\Http\\Request), Object(Closure))
#45 /var/www/wwwroot/daheng/vendor/laravel/framework/src/Illuminate/Routing/Pipeline.php(53): Illuminate\\Pipeline\\Pipeline->Illuminate\\Pipeline\\{closure}(Object(Illuminate\\Http\\Request))
#46 /var/www/wwwroot/daheng/vendor/fideloper/proxy/src/TrustProxies.php(57): Illuminate\\Routing\\Pipeline->Illuminate\\Routing\\{closure}(Object(Illuminate\\Http\\Request))
#47 /var/www/wwwroot/daheng/vendor/laravel/framework/src/Illuminate/Pipeline/Pipeline.php(163): Fideloper\\Proxy\\TrustProxies->handle(Object(Illuminate\\Http\\Request), Object(Closure))
#48 /var/www/wwwroot/daheng/vendor/laravel/framework/src/Illuminate/Routing/Pipeline.php(53): Illuminate\\Pipeline\\Pipeline->Illuminate\\Pipeline\\{closure}(Object(Illuminate\\Http\\Request))
#49 /var/www/wwwroot/daheng/vendor/laravel/framework/src/Illuminate/Pipeline/Pipeline.php(104): Illuminate\\Routing\\Pipeline->Illuminate\\Routing\\{closure}(Object(Illuminate\\Http\\Request))
#50 /var/www/wwwroot/daheng/vendor/laravel/framework/src/Illuminate/Foundation/Http/Kernel.php(151): Illuminate\\Pipeline\\Pipeline->then(Object(Closure))
#51 /var/www/wwwroot/daheng/vendor/laravel/framework/src/Illuminate/Foundation/Http/Kernel.php(116): Illuminate\\Foundation\\Http\\Kernel->sendRequestThroughRouter(Object(Illuminate\\Http\\Request))
#52 /var/www/wwwroot/daheng/public/index.php(55): Illuminate\\Foundation\\Http\\Kernel->handle(Object(Illuminate\\Http\\Request))
#53 {main}
"} 
[2019-12-20 14:49:15] local.ERROR: SQLSTATE[42S02]: Base table or view not found: 1146 Table 'daheng.feedback' doesn't exist (SQL: insert into `feedback` (`user_id`, `type`, `content`, `phone`, `updated_at`, `created_at`) values (8, 客户服务, 123, 17600296638, 2019-12-20 14:49:15, 2019-12-20 14:49:15)) {"userId":8,"exception":"[object] (Illuminate\\Database\\QueryException(code: 42S02): SQLSTATE[42S02]: Base table or view not found: 1146 Table 'daheng.feedback' doesn't exist (SQL: insert into `feedback` (`user_id`, `type`, `content`, `phone`, `updated_at`, `created_at`) values (8, 客户服务, 123, 17600296638, 2019-12-20 14:49:15, 2019-12-20 14:49:15)) at /var/www/wwwroot/daheng/vendor/laravel/framework/src/Illuminate/Database/Connection.php:664, Doctrine\\DBAL\\Driver\\PDOException(code: 42S02): SQLSTATE[42S02]: Base table or view not found: 1146 Table 'daheng.feedback' doesn't exist at /var/www/wwwroot/daheng/vendor/doctrine/dbal/lib/Doctrine/DBAL/Driver/PDOConnection.php:63, PDOException(code: 42S02): SQLSTATE[42S02]: Base table or view not found: 1146 Table 'daheng.feedback' doesn't exist at /var/www/wwwroot/daheng/vendor/doctrine/dbal/lib/Doctrine/DBAL/Driver/PDOConnection.php:61)
[stacktrace]
#0 /var/www/wwwroot/daheng/vendor/laravel/framework/src/Illuminate/Database/Connection.php(624): Illuminate\\Database\\Connection->runQueryCallback('insert into `fe...', Array, Object(Closure))
#1 /var/www/wwwroot/daheng/vendor/laravel/framework/src/Illuminate/Database/Connection.php(459): Illuminate\\Database\\Connection->run('insert into `fe...', Array, Object(Closure))
#2 /var/www/wwwroot/daheng/vendor/laravel/framework/src/Illuminate/Database/Connection.php(411): Illuminate\\Database\\Connection->statement('insert into `fe...', Array)
#3 /var/www/wwwroot/daheng/vendor/laravel/framework/src/Illuminate/Database/Query/Processors/Processor.php(32): Illuminate\\Database\\Connection->insert('insert into `fe...', Array)
#4 /var/www/wwwroot/daheng/vendor/laravel/framework/src/Illuminate/Database/Query/Builder.php(2690): Illuminate\\Database\\Query\\Processors\\Processor->processInsertGetId(Object(Illuminate\\Database\\Query\\Builder), 'insert into `fe...', Array, 'id')
#5 /var/www/wwwroot/daheng/vendor/laravel/framework/src/Illuminate/Database/Eloquent/Builder.php(1353): Illuminate\\Database\\Query\\Builder->insertGetId(Array, 'id')
#6 /var/www/wwwroot/daheng/vendor/laravel/framework/src/Illuminate/Database/Eloquent/Model.php(839): Illuminate\\Database\\Eloquent\\Builder->__call('insertGetId', Array)
#7 /var/www/wwwroot/daheng/vendor/laravel/framework/src/Illuminate/Database/Eloquent/Model.php(804): Illuminate\\Database\\Eloquent\\Model->insertAndSetId(Object(Illuminate\\Database\\Eloquent\\Builder), Array)
#8 /var/www/wwwroot/daheng/vendor/laravel/framework/src/Illuminate/Database/Eloquent/Model.php(667): Illuminate\\Database\\Eloquent\\Model->performInsert(Object(Illuminate\\Database\\Eloquent\\Builder))
#9 /var/www/wwwroot/daheng/app/Services/UserService.php(18): Illuminate\\Database\\Eloquent\\Model->save()
#10 /var/www/wwwroot/daheng/app/Http/Controllers/UserController.php(41): App\\Services\\UserService->feedback(Object(Illuminate\\Http\\Request))
#11 [internal function]: App\\Http\\Controllers\\UserController->feedback(Object(Illuminate\\Http\\Request))
#12 /var/www/wwwroot/daheng/vendor/laravel/framework/src/Illuminate/Routing/Controller.php(54): call_user_func_array(Array, Array)
#13 /var/www/wwwroot/daheng/vendor/laravel/framework/src/Illuminate/Routing/ControllerDispatcher.php(45): Illuminate\\Routing\\Controller->callAction('feedback', Array)
#14 /var/www/wwwroot/daheng/vendor/laravel/framework/src/Illuminate/Routing/Route.php(219): Illuminate\\Routing\\ControllerDispatcher->dispatch(Object(Illuminate\\Routing\\Route), Object(App\\Http\\Controllers\\UserController), 'feedback')
#15 /var/www/wwwroot/daheng/vendor/laravel/framework/src/Illuminate/Routing/Route.php(176): Illuminate\\Routing\\Route->runController()
#16 /var/www/wwwroot/daheng/vendor/laravel/framework/src/Illuminate/Routing/Router.php(680): Illuminate\\Routing\\Route->run()
#17 /var/www/wwwroot/daheng/vendor/laravel/framework/src/Illuminate/Routing/Pipeline.php(30): Illuminate\\Routing\\Router->Illuminate\\Routing\\{closure}(Object(Illuminate\\Http\\Request))
#18 /var/www/wwwroot/daheng/vendor/laravel/framework/src/Illuminate/Routing/Middleware/SubstituteBindings.php(41): Illuminate\\Routing\\Pipeline->Illuminate\\Routing\\{closure}(Object(Illuminate\\Http\\Request))
#19 /var/www/wwwroot/daheng/vendor/laravel/framework/src/Illuminate/Pipeline/Pipeline.php(163): Illuminate\\Routing\\Middleware\\SubstituteBindings->handle(Object(Illuminate\\Http\\Request), Object(Closure))
#20 /var/www/wwwroot/daheng/vendor/laravel/framework/src/Illuminate/Routing/Pipeline.php(53): Illuminate\\Pipeline\\Pipeline->Illuminate\\Pipeline\\{closure}(Object(Illuminate\\Http\\Request))
#21 /var/www/wwwroot/daheng/vendor/laravel/framework/src/Illuminate/Auth/Middleware/Authenticate.php(43): Illuminate\\Routing\\Pipeline->Illuminate\\Routing\\{closure}(Object(Illuminate\\Http\\Request))
#22 /var/www/wwwroot/daheng/vendor/laravel/framework/src/Illuminate/Pipeline/Pipeline.php(163): Illuminate\\Auth\\Middleware\\Authenticate->handle(Object(Illuminate\\Http\\Request), Object(Closure), 'api')
#23 /var/www/wwwroot/daheng/vendor/laravel/framework/src/Illuminate/Routing/Pipeline.php(53): Illuminate\\Pipeline\\Pipeline->Illuminate\\Pipeline\\{closure}(Object(Illuminate\\Http\\Request))
#24 /var/www/wwwroot/daheng/vendor/laravel/framework/src/Illuminate/Routing/Middleware/ThrottleRequests.php(58): Illuminate\\Routing\\Pipeline->Illuminate\\Routing\\{closure}(Object(Illuminate\\Http\\Request))
#25 /var/www/wwwroot/daheng/vendor/laravel/framework/src/Illuminate/Pipeline/Pipeline.php(163): Illuminate\\Routing\\Middleware\\ThrottleRequests->handle(Object(Illuminate\\Http\\Request), Object(Closure), 60, '1')
#26 /var/www/wwwroot/daheng/vendor/laravel/framework/src/Illuminate/Routing/Pipeline.php(53): Illuminate\\Pipeline\\Pipeline->Illuminate\\Pipeline\\{closure}(Object(Illuminate\\Http\\Request))
#27 /var/www/wwwroot/daheng/vendor/laravel/framework/src/Illuminate/Pipeline/Pipeline.php(104): Illuminate\\Routing\\Pipeline->Illuminate\\Routing\\{closure}(Object(Illuminate\\Http\\Request))
#28 /var/www/wwwroot/daheng/vendor/laravel/framework/src/Illuminate/Routing/Router.php(682): Illuminate\\Pipeline\\Pipeline->then(Object(Closure))
#29 /var/www/wwwroot/daheng/vendor/laravel/framework/src/Illuminate/Routing/Router.php(657): Illuminate\\Routing\\Router->runRouteWithinStack(Object(Illuminate\\Routing\\Route), Object(Illuminate\\Http\\Request))
#30 /var/www/wwwroot/daheng/vendor/laravel/framework/src/Illuminate/Routing/Router.php(623): Illuminate\\Routing\\Router->runRoute(Object(Illuminate\\Http\\Request), Object(Illuminate\\Routing\\Route))
#31 /var/www/wwwroot/daheng/vendor/laravel/framework/src/Illuminate/Routing/Router.php(612): Illuminate\\Routing\\Router->dispatchToRoute(Object(Illuminate\\Http\\Request))
#32 /var/www/wwwroot/daheng/vendor/laravel/framework/src/Illuminate/Foundation/Http/Kernel.php(176): Illuminate\\Routing\\Router->dispatch(Object(Illuminate\\Http\\Request))
#33 /var/www/wwwroot/daheng/vendor/laravel/framework/src/Illuminate/Routing/Pipeline.php(30): Illuminate\\Foundation\\Http\\Kernel->Illuminate\\Foundation\\Http\\{closure}(Object(Illuminate\\Http\\Request))
#34 /var/www/wwwroot/daheng/vendor/laravel/framework/src/Illuminate/Foundation/Http/Middleware/TransformsRequest.php(21): Illuminate\\Routing\\Pipeline->Illuminate\\Routing\\{closure}(Object(Illuminate\\Http\\Request))
#35 /var/www/wwwroot/daheng/vendor/laravel/framework/src/Illuminate/Pipeline/Pipeline.php(163): Illuminate\\Foundation\\Http\\Middleware\\TransformsRequest->handle(Object(Illuminate\\Http\\Request), Object(Closure))
#36 /var/www/wwwroot/daheng/vendor/laravel/framework/src/Illuminate/Routing/Pipeline.php(53): Illuminate\\Pipeline\\Pipeline->Illuminate\\Pipeline\\{closure}(Object(Illuminate\\Http\\Request))
#37 /var/www/wwwroot/daheng/vendor/laravel/framework/src/Illuminate/Foundation/Http/Middleware/TransformsRequest.php(21): Illuminate\\Routing\\Pipeline->Illuminate\\Routing\\{closure}(Object(Illuminate\\Http\\Request))
#38 /var/www/wwwroot/daheng/vendor/laravel/framework/src/Illuminate/Pipeline/Pipeline.php(163): Illuminate\\Foundation\\Http\\Middleware\\TransformsRequest->handle(Object(Illuminate\\Http\\Request), Object(Closure))
#39 /var/www/wwwroot/daheng/vendor/laravel/framework/src/Illuminate/Routing/Pipeline.php(53): Illuminate\\Pipeline\\Pipeline->Illuminate\\Pipeline\\{closure}(Object(Illuminate\\Http\\Request))
#40 /var/www/wwwroot/daheng/vendor/laravel/framework/src/Illuminate/Foundation/Http/Middleware/ValidatePostSize.php(27): Illuminate\\Routing\\Pipeline->Illuminate\\Routing\\{closure}(Object(Illuminate\\Http\\Request))
#41 /var/www/wwwroot/daheng/vendor/laravel/framework/src/Illuminate/Pipeline/Pipeline.php(163): Illuminate\\Foundation\\Http\\Middleware\\ValidatePostSize->handle(Object(Illuminate\\Http\\Request), Object(Closure))
#42 /var/www/wwwroot/daheng/vendor/laravel/framework/src/Illuminate/Routing/Pipeline.php(53): Illuminate\\Pipeline\\Pipeline->Illuminate\\Pipeline\\{closure}(Object(Illuminate\\Http\\Request))
#43 /var/www/wwwroot/daheng/vendor/laravel/framework/src/Illuminate/Foundation/Http/Middleware/CheckForMaintenanceMode.php(62): Illuminate\\Routing\\Pipeline->Illuminate\\Routing\\{closure}(Object(Illuminate\\Http\\Request))
#44 /var/www/wwwroot/daheng/vendor/laravel/framework/src/Illuminate/Pipeline/Pipeline.php(163): Illuminate\\Foundation\\Http\\Middleware\\CheckForMaintenanceMode->handle(Object(Illuminate\\Http\\Request), Object(Closure))
#45 /var/www/wwwroot/daheng/vendor/laravel/framework/src/Illuminate/Routing/Pipeline.php(53): Illuminate\\Pipeline\\Pipeline->Illuminate\\Pipeline\\{closure}(Object(Illuminate\\Http\\Request))
#46 /var/www/wwwroot/daheng/vendor/fideloper/proxy/src/TrustProxies.php(57): Illuminate\\Routing\\Pipeline->Illuminate\\Routing\\{closure}(Object(Illuminate\\Http\\Request))
#47 /var/www/wwwroot/daheng/vendor/laravel/framework/src/Illuminate/Pipeline/Pipeline.php(163): Fideloper\\Proxy\\TrustProxies->handle(Object(Illuminate\\Http\\Request), Object(Closure))
#48 /var/www/wwwroot/daheng/vendor/laravel/framework/src/Illuminate/Routing/Pipeline.php(53): Illuminate\\Pipeline\\Pipeline->Illuminate\\Pipeline\\{closure}(Object(Illuminate\\Http\\Request))
#49 /var/www/wwwroot/daheng/vendor/laravel/framework/src/Illuminate/Pipeline/Pipeline.php(104): Illuminate\\Routing\\Pipeline->Illuminate\\Routing\\{closure}(Object(Illuminate\\Http\\Request))
#50 /var/www/wwwroot/daheng/vendor/laravel/framework/src/Illuminate/Foundation/Http/Kernel.php(151): Illuminate\\Pipeline\\Pipeline->then(Object(Closure))
#51 /var/www/wwwroot/daheng/vendor/laravel/framework/src/Illuminate/Foundation/Http/Kernel.php(116): Illuminate\\Foundation\\Http\\Kernel->sendRequestThroughRouter(Object(Illuminate\\Http\\Request))
#52 /var/www/wwwroot/daheng/public/index.php(55): Illuminate\\Foundation\\Http\\Kernel->handle(Object(Illuminate\\Http\\Request))
#53 {main}
"} 
[2019-12-20 14:49:48] local.ERROR: SQLSTATE[42S02]: Base table or view not found: 1146 Table 'daheng.feedback' doesn't exist (SQL: insert into `feedback` (`user_id`, `type`, `content`, `phone`, `updated_at`, `created_at`) values (8, 客户服务, 123, 17600296638, 2019-12-20 14:49:48, 2019-12-20 14:49:48)) {"userId":8,"exception":"[object] (Illuminate\\Database\\QueryException(code: 42S02): SQLSTATE[42S02]: Base table or view not found: 1146 Table 'daheng.feedback' doesn't exist (SQL: insert into `feedback` (`user_id`, `type`, `content`, `phone`, `updated_at`, `created_at`) values (8, 客户服务, 123, 17600296638, 2019-12-20 14:49:48, 2019-12-20 14:49:48)) at /var/www/wwwroot/daheng/vendor/laravel/framework/src/Illuminate/Database/Connection.php:664, Doctrine\\DBAL\\Driver\\PDOException(code: 42S02): SQLSTATE[42S02]: Base table or view not found: 1146 Table 'daheng.feedback' doesn't exist at /var/www/wwwroot/daheng/vendor/doctrine/dbal/lib/Doctrine/DBAL/Driver/PDOConnection.php:63, PDOException(code: 42S02): SQLSTATE[42S02]: Base table or view not found: 1146 Table 'daheng.feedback' doesn't exist at /var/www/wwwroot/daheng/vendor/doctrine/dbal/lib/Doctrine/DBAL/Driver/PDOConnection.php:61)
[stacktrace]
#0 /var/www/wwwroot/daheng/vendor/laravel/framework/src/Illuminate/Database/Connection.php(624): Illuminate\\Database\\Connection->runQueryCallback('insert into `fe...', Array, Object(Closure))
#1 /var/www/wwwroot/daheng/vendor/laravel/framework/src/Illuminate/Database/Connection.php(459): Illuminate\\Database\\Connection->run('insert into `fe...', Array, Object(Closure))
#2 /var/www/wwwroot/daheng/vendor/laravel/framework/src/Illuminate/Database/Connection.php(411): Illuminate\\Database\\Connection->statement('insert into `fe...', Array)
#3 /var/www/wwwroot/daheng/vendor/laravel/framework/src/Illuminate/Database/Query/Processors/Processor.php(32): Illuminate\\Database\\Connection->insert('insert into `fe...', Array)
#4 /var/www/wwwroot/daheng/vendor/laravel/framework/src/Illuminate/Database/Query/Builder.php(2690): Illuminate\\Database\\Query\\Processors\\Processor->processInsertGetId(Object(Illuminate\\Database\\Query\\Builder), 'insert into `fe...', Array, 'id')
#5 /var/www/wwwroot/daheng/vendor/laravel/framework/src/Illuminate/Database/Eloquent/Builder.php(1353): Illuminate\\Database\\Query\\Builder->insertGetId(Array, 'id')
#6 /var/www/wwwroot/daheng/vendor/laravel/framework/src/Illuminate/Database/Eloquent/Model.php(839): Illuminate\\Database\\Eloquent\\Builder->__call('insertGetId', Array)
#7 /var/www/wwwroot/daheng/vendor/laravel/framework/src/Illuminate/Database/Eloquent/Model.php(804): Illuminate\\Database\\Eloquent\\Model->insertAndSetId(Object(Illuminate\\Database\\Eloquent\\Builder), Array)
#8 /var/www/wwwroot/daheng/vendor/laravel/framework/src/Illuminate/Database/Eloquent/Model.php(667): Illuminate\\Database\\Eloquent\\Model->performInsert(Object(Illuminate\\Database\\Eloquent\\Builder))
#9 /var/www/wwwroot/daheng/app/Services/UserService.php(18): Illuminate\\Database\\Eloquent\\Model->save()
#10 /var/www/wwwroot/daheng/app/Http/Controllers/UserController.php(41): App\\Services\\UserService->feedback(Object(Illuminate\\Http\\Request))
#11 [internal function]: App\\Http\\Controllers\\UserController->feedback(Object(Illuminate\\Http\\Request))
#12 /var/www/wwwroot/daheng/vendor/laravel/framework/src/Illuminate/Routing/Controller.php(54): call_user_func_array(Array, Array)
#13 /var/www/wwwroot/daheng/vendor/laravel/framework/src/Illuminate/Routing/ControllerDispatcher.php(45): Illuminate\\Routing\\Controller->callAction('feedback', Array)
#14 /var/www/wwwroot/daheng/vendor/laravel/framework/src/Illuminate/Routing/Route.php(219): Illuminate\\Routing\\ControllerDispatcher->dispatch(Object(Illuminate\\Routing\\Route), Object(App\\Http\\Controllers\\UserController), 'feedback')
#15 /var/www/wwwroot/daheng/vendor/laravel/framework/src/Illuminate/Routing/Route.php(176): Illuminate\\Routing\\Route->runController()
#16 /var/www/wwwroot/daheng/vendor/laravel/framework/src/Illuminate/Routing/Router.php(680): Illuminate\\Routing\\Route->run()
#17 /var/www/wwwroot/daheng/vendor/laravel/framework/src/Illuminate/Routing/Pipeline.php(30): Illuminate\\Routing\\Router->Illuminate\\Routing\\{closure}(Object(Illuminate\\Http\\Request))
#18 /var/www/wwwroot/daheng/vendor/laravel/framework/src/Illuminate/Routing/Middleware/SubstituteBindings.php(41): Illuminate\\Routing\\Pipeline->Illuminate\\Routing\\{closure}(Object(Illuminate\\Http\\Request))
#19 /var/www/wwwroot/daheng/vendor/laravel/framework/src/Illuminate/Pipeline/Pipeline.php(163): Illuminate\\Routing\\Middleware\\SubstituteBindings->handle(Object(Illuminate\\Http\\Request), Object(Closure))
#20 /var/www/wwwroot/daheng/vendor/laravel/framework/src/Illuminate/Routing/Pipeline.php(53): Illuminate\\Pipeline\\Pipeline->Illuminate\\Pipeline\\{closure}(Object(Illuminate\\Http\\Request))
#21 /var/www/wwwroot/daheng/vendor/laravel/framework/src/Illuminate/Auth/Middleware/Authenticate.php(43): Illuminate\\Routing\\Pipeline->Illuminate\\Routing\\{closure}(Object(Illuminate\\Http\\Request))
#22 /var/www/wwwroot/daheng/vendor/laravel/framework/src/Illuminate/Pipeline/Pipeline.php(163): Illuminate\\Auth\\Middleware\\Authenticate->handle(Object(Illuminate\\Http\\Request), Object(Closure), 'api')
#23 /var/www/wwwroot/daheng/vendor/laravel/framework/src/Illuminate/Routing/Pipeline.php(53): Illuminate\\Pipeline\\Pipeline->Illuminate\\Pipeline\\{closure}(Object(Illuminate\\Http\\Request))
#24 /var/www/wwwroot/daheng/vendor/laravel/framework/src/Illuminate/Routing/Middleware/ThrottleRequests.php(58): Illuminate\\Routing\\Pipeline->Illuminate\\Routing\\{closure}(Object(Illuminate\\Http\\Request))
#25 /var/www/wwwroot/daheng/vendor/laravel/framework/src/Illuminate/Pipeline/Pipeline.php(163): Illuminate\\Routing\\Middleware\\ThrottleRequests->handle(Object(Illuminate\\Http\\Request), Object(Closure), 60, '1')
#26 /var/www/wwwroot/daheng/vendor/laravel/framework/src/Illuminate/Routing/Pipeline.php(53): Illuminate\\Pipeline\\Pipeline->Illuminate\\Pipeline\\{closure}(Object(Illuminate\\Http\\Request))
#27 /var/www/wwwroot/daheng/vendor/laravel/framework/src/Illuminate/Pipeline/Pipeline.php(104): Illuminate\\Routing\\Pipeline->Illuminate\\Routing\\{closure}(Object(Illuminate\\Http\\Request))
#28 /var/www/wwwroot/daheng/vendor/laravel/framework/src/Illuminate/Routing/Router.php(682): Illuminate\\Pipeline\\Pipeline->then(Object(Closure))
#29 /var/www/wwwroot/daheng/vendor/laravel/framework/src/Illuminate/Routing/Router.php(657): Illuminate\\Routing\\Router->runRouteWithinStack(Object(Illuminate\\Routing\\Route), Object(Illuminate\\Http\\Request))
#30 /var/www/wwwroot/daheng/vendor/laravel/framework/src/Illuminate/Routing/Router.php(623): Illuminate\\Routing\\Router->runRoute(Object(Illuminate\\Http\\Request), Object(Illuminate\\Routing\\Route))
#31 /var/www/wwwroot/daheng/vendor/laravel/framework/src/Illuminate/Routing/Router.php(612): Illuminate\\Routing\\Router->dispatchToRoute(Object(Illuminate\\Http\\Request))
#32 /var/www/wwwroot/daheng/vendor/laravel/framework/src/Illuminate/Foundation/Http/Kernel.php(176): Illuminate\\Routing\\Router->dispatch(Object(Illuminate\\Http\\Request))
#33 /var/www/wwwroot/daheng/vendor/laravel/framework/src/Illuminate/Routing/Pipeline.php(30): Illuminate\\Foundation\\Http\\Kernel->Illuminate\\Foundation\\Http\\{closure}(Object(Illuminate\\Http\\Request))
#34 /var/www/wwwroot/daheng/vendor/laravel/framework/src/Illuminate/Foundation/Http/Middleware/TransformsRequest.php(21): Illuminate\\Routing\\Pipeline->Illuminate\\Routing\\{closure}(Object(Illuminate\\Http\\Request))
#35 /var/www/wwwroot/daheng/vendor/laravel/framework/src/Illuminate/Pipeline/Pipeline.php(163): Illuminate\\Foundation\\Http\\Middleware\\TransformsRequest->handle(Object(Illuminate\\Http\\Request), Object(Closure))
#36 /var/www/wwwroot/daheng/vendor/laravel/framework/src/Illuminate/Routing/Pipeline.php(53): Illuminate\\Pipeline\\Pipeline->Illuminate\\Pipeline\\{closure}(Object(Illuminate\\Http\\Request))
#37 /var/www/wwwroot/daheng/vendor/laravel/framework/src/Illuminate/Foundation/Http/Middleware/TransformsRequest.php(21): Illuminate\\Routing\\Pipeline->Illuminate\\Routing\\{closure}(Object(Illuminate\\Http\\Request))
#38 /var/www/wwwroot/daheng/vendor/laravel/framework/src/Illuminate/Pipeline/Pipeline.php(163): Illuminate\\Foundation\\Http\\Middleware\\TransformsRequest->handle(Object(Illuminate\\Http\\Request), Object(Closure))
#39 /var/www/wwwroot/daheng/vendor/laravel/framework/src/Illuminate/Routing/Pipeline.php(53): Illuminate\\Pipeline\\Pipeline->Illuminate\\Pipeline\\{closure}(Object(Illuminate\\Http\\Request))
#40 /var/www/wwwroot/daheng/vendor/laravel/framework/src/Illuminate/Foundation/Http/Middleware/ValidatePostSize.php(27): Illuminate\\Routing\\Pipeline->Illuminate\\Routing\\{closure}(Object(Illuminate\\Http\\Request))
#41 /var/www/wwwroot/daheng/vendor/laravel/framework/src/Illuminate/Pipeline/Pipeline.php(163): Illuminate\\Foundation\\Http\\Middleware\\ValidatePostSize->handle(Object(Illuminate\\Http\\Request), Object(Closure))
#42 /var/www/wwwroot/daheng/vendor/laravel/framework/src/Illuminate/Routing/Pipeline.php(53): Illuminate\\Pipeline\\Pipeline->Illuminate\\Pipeline\\{closure}(Object(Illuminate\\Http\\Request))
#43 /var/www/wwwroot/daheng/vendor/laravel/framework/src/Illuminate/Foundation/Http/Middleware/CheckForMaintenanceMode.php(62): Illuminate\\Routing\\Pipeline->Illuminate\\Routing\\{closure}(Object(Illuminate\\Http\\Request))
#44 /var/www/wwwroot/daheng/vendor/laravel/framework/src/Illuminate/Pipeline/Pipeline.php(163): Illuminate\\Foundation\\Http\\Middleware\\CheckForMaintenanceMode->handle(Object(Illuminate\\Http\\Request), Object(Closure))
#45 /var/www/wwwroot/daheng/vendor/laravel/framework/src/Illuminate/Routing/Pipeline.php(53): Illuminate\\Pipeline\\Pipeline->Illuminate\\Pipeline\\{closure}(Object(Illuminate\\Http\\Request))
#46 /var/www/wwwroot/daheng/vendor/fideloper/proxy/src/TrustProxies.php(57): Illuminate\\Routing\\Pipeline->Illuminate\\Routing\\{closure}(Object(Illuminate\\Http\\Request))
#47 /var/www/wwwroot/daheng/vendor/laravel/framework/src/Illuminate/Pipeline/Pipeline.php(163): Fideloper\\Proxy\\TrustProxies->handle(Object(Illuminate\\Http\\Request), Object(Closure))
#48 /var/www/wwwroot/daheng/vendor/laravel/framework/src/Illuminate/Routing/Pipeline.php(53): Illuminate\\Pipeline\\Pipeline->Illuminate\\Pipeline\\{closure}(Object(Illuminate\\Http\\Request))
#49 /var/www/wwwroot/daheng/vendor/laravel/framework/src/Illuminate/Pipeline/Pipeline.php(104): Illuminate\\Routing\\Pipeline->Illuminate\\Routing\\{closure}(Object(Illuminate\\Http\\Request))
#50 /var/www/wwwroot/daheng/vendor/laravel/framework/src/Illuminate/Foundation/Http/Kernel.php(151): Illuminate\\Pipeline\\Pipeline->then(Object(Closure))
#51 /var/www/wwwroot/daheng/vendor/laravel/framework/src/Illuminate/Foundation/Http/Kernel.php(116): Illuminate\\Foundation\\Http\\Kernel->sendRequestThroughRouter(Object(Illuminate\\Http\\Request))
#52 /var/www/wwwroot/daheng/public/index.php(55): Illuminate\\Foundation\\Http\\Kernel->handle(Object(Illuminate\\Http\\Request))
#53 {main}
"} 
[2019-12-20 14:53:21] local.DEBUG: OSS config: {"driver":"oss","access_id":"LTAI4FxBLjVFjdf3sa98hwvt","access_key":"E1vNI4B4EhHu2jBK4tN2idWGgfYdVF","bucket":"yuanludaheng","endpoint":"oss-cn-beijing.aliyuncs.com","cdnDomain":"","ssl":true,"isCName":false,"debug":true} 
[2019-12-20 14:53:24] local.DEBUG: OSS config: {"driver":"oss","access_id":"LTAI4FxBLjVFjdf3sa98hwvt","access_key":"E1vNI4B4EhHu2jBK4tN2idWGgfYdVF","bucket":"yuanludaheng","endpoint":"oss-cn-beijing.aliyuncs.com","cdnDomain":"","ssl":true,"isCName":false,"debug":true} 
[2019-12-20 14:54:25] local.DEBUG: OSS config: {"driver":"oss","access_id":"LTAI4FxBLjVFjdf3sa98hwvt","access_key":"E1vNI4B4EhHu2jBK4tN2idWGgfYdVF","bucket":"yuanludaheng","endpoint":"oss-cn-beijing.aliyuncs.com","cdnDomain":"","ssl":true,"isCName":false,"debug":true} 
[2019-12-20 14:54:26] local.DEBUG: OSS config: {"driver":"oss","access_id":"LTAI4FxBLjVFjdf3sa98hwvt","access_key":"E1vNI4B4EhHu2jBK4tN2idWGgfYdVF","bucket":"yuanludaheng","endpoint":"oss-cn-beijing.aliyuncs.com","cdnDomain":"","ssl":true,"isCName":false,"debug":true} 
